<?xml version="1.0" encoding="UTF-8"?>
<!-- Generated by org.testng.reporters.JUnitReportReporter -->
<testsuite hostname="rroque" name="search_demo.SearchTest" tests="9" failures="0" timestamp="5 May 2015 13:39:51 GMT" time="43.961" errors="0">
  <testcase name="testSearchforClinton" time="4.933" classname="search_demo.SearchTest"/>
  <testcase name="testSearchforBush" time="5.723" classname="search_demo.SearchTest"/>
  <testcase name="testSearchforObama" time="4.690" classname="search_demo.SearchTest"/>
  <testcase name="testSearchforObama" time="4.808" classname="search_demo.SearchTest"/>
  <testcase name="testSearchforBush" time="5.887" classname="search_demo.SearchTest"/>
  <testcase name="testSearchforObama" time="3.803" classname="search_demo.SearchTest"/>
  <testcase name="testSearchforClinton" time="4.479" classname="search_demo.SearchTest"/>
  <testcase name="testSearchforClinton" time="4.104" classname="search_demo.SearchTest"/>
  <testcase name="testSearchforBush" time="5.534" classname="search_demo.SearchTest"/>
</testsuite> <!-- search_demo.SearchTest -->
