<?xml version="1.0" encoding="UTF-8"?>
<!-- Generated by org.testng.reporters.JUnitReportReporter -->
<testsuite hostname="pbajpai" name="collateral.Collateral360" tests="2" failures="0" timestamp="4 Sep 2015 18:06:24 GMT" time="58.986" errors="0">
  <testcase name="verifyCollateralTitleOnCollateral" time="11.456" classname="collateral.Collateral360"/>
  <testcase name="saveCollateralDetails" time="47.530" classname="collateral.Collateral360"/>
</testsuite> <!-- collateral.Collateral360 -->
