<?xml version="1.0" encoding="UTF-8"?>
<!-- Generated by org.testng.reporters.JUnitReportReporter -->
<testsuite hostname="pbajpai" name="customer.Cust360" tests="2" failures="0" timestamp="4 Sep 2015 18:06:24 GMT" time="21.319" errors="0">
  <testcase name="saveAddress" time="16.821" classname="customer.Cust360"/>
  <testcase name="clickAddressAndAdd" time="4.498" classname="customer.Cust360"/>
</testsuite> <!-- customer.Cust360 -->
