<?xml version="1.0" encoding="UTF-8"?>
<!-- Generated by org.testng.reporters.JUnitReportReporter -->
<testsuite hostname="pbajpai" name="collateral.Collateral360" tests="2" failures="0" timestamp="21 Aug 2015 00:28:49 GMT" time="63.408" errors="0">
  <testcase name="verifyCollateralTitleOnCollateral" time="10.482" classname="collateral.Collateral360"/>
  <testcase name="saveCollateralDetails" time="52.926" classname="collateral.Collateral360"/>
</testsuite> <!-- collateral.Collateral360 -->
