<?xml version="1.0" encoding="UTF-8"?>
<!-- Generated by org.testng.reporters.JUnitReportReporter -->
<testsuite hostname="pbajpai" name="collateral.Collateral360" tests="2" failures="0" timestamp="12 Aug 2015 17:22:35 GMT" time="69.624" errors="0">
  <testcase name="verifyCollateralTitleOnCollateral" time="20.365" classname="collateral.Collateral360"/>
  <testcase name="saveCollateralDetails" time="49.259" classname="collateral.Collateral360"/>
</testsuite> <!-- collateral.Collateral360 -->
