<?xml version="1.0" encoding="UTF-8"?>
<!-- Generated by org.testng.reporters.JUnitReportReporter -->
<testsuite hostname="pbajpai" name="collateral.collateral360" tests="3" failures="0" timestamp="24 Jul 2015 20:15:08 GMT" time="54.348" errors="0">
  <testcase name="verifyCollateralTitle" time="1.947" classname="collateral.collateral360"/>
  <testcase name="clickOnCollateralAndAdd" time="5.754" classname="collateral.collateral360"/>
  <testcase name="saveCollateralInformation" time="46.647" classname="collateral.collateral360"/>
</testsuite> <!-- collateral.collateral360 -->
