<?xml version="1.0" encoding="UTF-8"?>
<!-- Generated by org.testng.reporters.JUnitReportReporter -->
<testsuite hostname="pbajpai" name="collateral.Collateral360" tests="9" failures="0" timestamp="6 Aug 2015 14:49:53 GMT" time="221.976" errors="2">
  <testcase name="verifyCollateralTitle" time="61.663" classname="collateral.Collateral360"/>
  <testcase name="saveCollateralInformation" time="41.041" classname="collateral.Collateral360"/>
  <testcase name="clickOnCollateralAndAdd" time="12.876" classname="collateral.Collateral360"/>
  <testcase name="clickOnCollateralAndAdd" time="2.917" classname="collateral.Collateral360"/>
  <testcase name="verifyCollateralTitle" time="4.854" classname="collateral.Collateral360"/>
  <testcase name="verifyCollateralTitle" time="12.031" classname="collateral.Collateral360"/>
  <testcase name="saveCollateralInformation" time="38.607" classname="collateral.Collateral360"/>
  <testcase name="saveCollateralInformation" time="45.711" classname="collateral.Collateral360"/>
  <testcase name="clickOnCollateralAndAdd" time="2.276" classname="collateral.Collateral360"/>
</testsuite> <!-- collateral.Collateral360 -->
