<?xml version="1.0" encoding="UTF-8"?>
<!-- Generated by org.testng.reporters.JUnitReportReporter -->
<testsuite hostname="pbajpai" name="credit.Credit360" tests="1" failures="0" timestamp="20 Aug 2015 19:00:20 GMT" time="0.146" errors="0">
  <testcase name="searchRequest" time="0.146" classname="credit.Credit360"/>
</testsuite> <!-- credit.Credit360 -->
