<?xml version="1.0" encoding="UTF-8"?>
<!-- Generated by org.testng.reporters.JUnitReportReporter -->
<testsuite hostname="gulshango-w7" name="com.provenir.automation.framework.modules.collateral.ExecuteCollateral" tests="1" failures="1" timestamp="11 Aug 2015 14:08:38 GMT" time="0.003" errors="0">
  <testcase name="ExecuteColl" time="0.003" classname="com.provenir.automation.framework.modules.collateral.ExecuteCollateral"/>
</testsuite> <!-- com.provenir.automation.framework.modules.collateral.ExecuteCollateral -->
