<?xml version="1.0" encoding="UTF-8"?>
<!-- Generated by org.testng.reporters.JUnitReportReporter -->
<testsuite hostname="rroque" name="google.SearchTest" tests="6" failures="0" timestamp="5 May 2015 02:50:08 GMT" time="30.966" errors="0">
  <testcase name="testSearchforObama" time="4.549" classname="google.SearchTest"/>
  <testcase name="testSearchforBush" time="5.132" classname="google.SearchTest"/>
  <testcase name="testSearchforObama" time="4.222" classname="google.SearchTest"/>
  <testcase name="testSearchforBush" time="5.526" classname="google.SearchTest"/>
  <testcase name="testSearchforObama" time="5.147" classname="google.SearchTest"/>
  <testcase name="testSearchforBush" time="6.390" classname="google.SearchTest"/>
</testsuite> <!-- google.SearchTest -->
