<?xml version="1.0" encoding="UTF-8"?>
<!-- Generated by org.testng.reporters.JUnitReportReporter -->
<testsuite hostname="rroque" name="search.SearchTest" tests="6" failures="0" timestamp="5 May 2015 02:54:13 GMT" time="30.371" errors="0">
  <testcase name="testSearchforBush" time="5.126" classname="search.SearchTest"/>
  <testcase name="testSearchforObama" time="4.200" classname="search.SearchTest"/>
  <testcase name="testSearchforObama" time="4.878" classname="search.SearchTest"/>
  <testcase name="testSearchforBush" time="5.701" classname="search.SearchTest"/>
  <testcase name="testSearchforObama" time="4.607" classname="search.SearchTest"/>
  <testcase name="testSearchforBush" time="5.859" classname="search.SearchTest"/>
</testsuite> <!-- search.SearchTest -->
