<?xml version="1.0" encoding="UTF-8"?>
<!-- Generated by org.testng.reporters.JUnitReportReporter -->
<testsuite hostname="pbajpai" name="customer.Cust360" tests="2" failures="0" timestamp="21 Aug 2015 00:28:49 GMT" time="21.778" errors="0">
  <testcase name="clickAddressAndAdd" time="5.461" classname="customer.Cust360"/>
  <testcase name="saveAddress" time="16.317" classname="customer.Cust360"/>
</testsuite> <!-- customer.Cust360 -->
