<?xml version="1.0" encoding="UTF-8"?>
<!-- Generated by org.testng.reporters.JUnitReportReporter -->
<testsuite hostname="pbajpai" name="collateral.Collateral360" tests="3" failures="0" timestamp="28 Jul 2015 03:50:47 GMT" time="54.118" errors="0">
  <testcase name="verifyCollateralTitle" time="1.803" classname="collateral.Collateral360"/>
  <testcase name="saveCollateralInformation" time="46.267" classname="collateral.Collateral360"/>
  <testcase name="clickOnCollateralAndAdd" time="6.048" classname="collateral.Collateral360"/>
</testsuite> <!-- collateral.Collateral360 -->
