<?xml version="1.0" encoding="UTF-8"?>
<!-- Generated by org.testng.reporters.JUnitReportReporter -->
<testsuite hostname="pbajpai" name="customer.Cust360" tests="2" failures="0" timestamp="30 Aug 2015 18:00:26 GMT" time="59.620" errors="0">
  <testcase name="saveAddress" time="34.832" classname="customer.Cust360"/>
  <testcase name="clickAddressAndAdd" time="24.788" classname="customer.Cust360"/>
</testsuite> <!-- customer.Cust360 -->
