<?xml version="1.0" encoding="UTF-8"?>
<!-- Generated by org.testng.reporters.JUnitReportReporter -->
<testsuite hostname="pbajpai" name="collateral.Collateral360" tests="2" failures="0" timestamp="13 Aug 2015 17:05:59 GMT" time="73.101" errors="0">
  <testcase name="verifyCollateralTitleOnCollateral" time="11.236" classname="collateral.Collateral360"/>
  <testcase name="saveCollateralDetails" time="61.865" classname="collateral.Collateral360"/>
</testsuite> <!-- collateral.Collateral360 -->
