<?xml version="1.0" encoding="UTF-8"?>
<!-- Generated by org.testng.reporters.JUnitReportReporter -->
<testsuite hostname="pbajpai" name="collateral.collateral360" tests="3" failures="0" timestamp="21 Jul 2015 18:10:32 GMT" time="46.630" errors="0">
  <testcase name="clickOnCollateralAndAdd" time="5.730" classname="collateral.collateral360"/>
  <testcase name="verifyCollateralTitle" time="2.401" classname="collateral.collateral360"/>
  <testcase name="saveCollateralInformation" time="38.499" classname="collateral.collateral360"/>
</testsuite> <!-- collateral.collateral360 -->
