<?xml version="1.0" encoding="UTF-8"?>
<!-- Generated by org.testng.reporters.JUnitReportReporter -->
<testsuite hostname="pbajpai" name="credit.Credit360" tests="1" failures="0" timestamp="4 Sep 2015 18:06:24 GMT" time="0.114" errors="0">
  <testcase name="searchRequest" time="0.114" classname="credit.Credit360"/>
</testsuite> <!-- credit.Credit360 -->
