<?xml version="1.0" encoding="UTF-8"?>
<!-- Generated by org.testng.reporters.JUnitReportReporter -->
<testsuite hostname="pbajpai" name="collateral.Collateral360" tests="2" failures="0" timestamp="30 Aug 2015 18:00:26 GMT" time="91.536" errors="0">
  <testcase name="saveCollateralDetails" time="59.699" classname="collateral.Collateral360"/>
  <testcase name="verifyCollateralTitleOnCollateral" time="31.837" classname="collateral.Collateral360"/>
</testsuite> <!-- collateral.Collateral360 -->
