<?xml version="1.0" encoding="UTF-8"?>
<!-- Generated by org.testng.reporters.JUnitReportReporter -->
<testsuite hostname="pbajpai" name="credit.Credit360" tests="1" failures="0" timestamp="21 Aug 2015 00:28:49 GMT" time="0.217" errors="0">
  <testcase name="searchRequest" time="0.217" classname="credit.Credit360"/>
</testsuite> <!-- credit.Credit360 -->
