<?xml version="1.0" encoding="UTF-8"?>
<!-- Generated by org.testng.reporters.JUnitReportReporter -->
<testsuite hostname="pbajpai" name="credit.Credit360" tests="1" failures="0" timestamp="26 Aug 2015 18:04:39 GMT" time="0.260" errors="0">
  <testcase name="searchRequest" time="0.260" classname="credit.Credit360"/>
</testsuite> <!-- credit.Credit360 -->
