<?xml version="1.0" encoding="UTF-8"?>
<!-- Generated by org.testng.reporters.JUnitReportReporter -->
<testsuite hostname="rroque" name="googlesearch.GoogleSearch" tests="2" failures="0" timestamp="3 Apr 2015 18:56:00 GMT" time="15.442" errors="0">
  <testcase name="searchForBush" time="8.654" classname="googlesearch.GoogleSearch"/>
  <testcase name="searchForObama" time="6.788" classname="googlesearch.GoogleSearch"/>
</testsuite> <!-- googlesearch.GoogleSearch -->
