<?xml version="1.0" encoding="UTF-8"?>
<!-- Generated by org.testng.reporters.JUnitReportReporter -->
<testsuite hostname="rroque" name="google.SearchTest3" tests="2" failures="0" timestamp="21 Apr 2015 20:49:15 GMT" time="10.176" errors="0">
  <testcase name="testSearchforObama" time="4.732" classname="google.SearchTest3"/>
  <testcase name="testSearchforBush" time="5.444" classname="google.SearchTest3"/>
</testsuite> <!-- google.SearchTest3 -->
