<?xml version="1.0" encoding="UTF-8"?>
<!-- Generated by org.testng.reporters.JUnitReportReporter -->
<testsuite hostname="pbajpai" name="collateral.Collateral360" tests="2" failures="0" timestamp="20 Aug 2015 15:22:08 GMT" time="66.908" errors="0">
  <testcase name="saveCollateralDetails" time="53.261" classname="collateral.Collateral360"/>
  <testcase name="verifyCollateralTitleOnCollateral" time="13.647" classname="collateral.Collateral360"/>
</testsuite> <!-- collateral.Collateral360 -->
