<?xml version="1.0" encoding="UTF-8"?>
<!-- Generated by org.testng.reporters.JUnitReportReporter -->
<testsuite hostname="pbajpai" name="collateral.Collateral360" tests="1" failures="0" timestamp="24 Aug 2015 17:16:39 GMT" time="74.206" errors="1">
  <testcase name="saveCollateralDetails" time="74.206" classname="collateral.Collateral360"/>
</testsuite> <!-- collateral.Collateral360 -->
