<?xml version="1.0" encoding="UTF-8"?>
<!-- Generated by org.testng.reporters.JUnitReportReporter -->
<testsuite hostname="pbajpai" name="customer.Cust360" tests="2" failures="0" timestamp="20 Aug 2015 15:22:08 GMT" time="27.402" errors="0">
  <testcase name="saveAddress" time="22.015" classname="customer.Cust360"/>
  <testcase name="clickAddressAndAdd" time="5.387" classname="customer.Cust360"/>
</testsuite> <!-- customer.Cust360 -->
