<?xml version="1.0" encoding="UTF-8"?>
<!-- Generated by org.testng.reporters.JUnitReportReporter -->
<testsuite hostname="pbajpai" name="collateral.addCollateral" tests="1" failures="0" timestamp="17 Jul 2015 19:31:16 GMT" time="63.163" errors="0">
  <testcase name="addCollateral" time="63.163" classname="collateral.addCollateral"/>
</testsuite> <!-- collateral.addCollateral -->
