<?xml version="1.0" encoding="UTF-8"?>
<!-- Generated by org.testng.reporters.JUnitReportReporter -->
<testsuite hostname="pbajpai" name="collateral.Collateral360" tests="2" failures="0" timestamp="9 Aug 2015 16:19:03 GMT" time="67.055" errors="0">
  <testcase name="verifyCollateralTitleOnCollateral" time="11.839" classname="collateral.Collateral360"/>
  <testcase name="saveCollateralDetails" time="55.216" classname="collateral.Collateral360"/>
</testsuite> <!-- collateral.Collateral360 -->
