<?xml version="1.0" encoding="UTF-8"?>
<!-- Generated by org.testng.reporters.JUnitReportReporter -->
<testsuite hostname="gulshango-w7" name="com.provenir.automation.framework.modules.collateral.Collateral360" tests="3" failures="3" timestamp="11 Aug 2015 14:17:31 GMT" time="26.404" errors="0">
  <testcase name="saveCollateralInformation" time="3.006" classname="com.provenir.automation.framework.modules.collateral.Collateral360"/>
  <testcase name="verifyCollateralTitle" time="4.020" classname="com.provenir.automation.framework.modules.collateral.Collateral360"/>
  <testcase name="clickOnCollateralAndAdd" time="19.378" classname="com.provenir.automation.framework.modules.collateral.Collateral360"/>
</testsuite> <!-- com.provenir.automation.framework.modules.collateral.Collateral360 -->
