<?xml version="1.0" encoding="UTF-8"?>
<!-- Generated by org.testng.reporters.JUnitReportReporter -->
<testsuite hostname="pbajpai" name="collateral.Collateral360" tests="3" failures="0" timestamp="4 Aug 2015 20:02:58 GMT" time="0.011" errors="0">
  <testcase name="verifyCollateralTitle" time="0.001" classname="collateral.Collateral360"/>
  <testcase name="saveCollateralInformation" time="0.001" classname="collateral.Collateral360"/>
  <testcase name="clickOnCollateralAndAdd" time="0.009" classname="collateral.Collateral360"/>
</testsuite> <!-- collateral.Collateral360 -->
