<?xml version="1.0" encoding="UTF-8"?>
<!-- Generated by org.testng.reporters.JUnitReportReporter -->
<testsuite hostname="pbajpai" name="collateral.collateral360" tests="3" failures="0" timestamp="24 Jul 2015 19:37:16 GMT" time="50.234" errors="0">
  <testcase name="saveCollateralInformation" time="46.233" classname="collateral.collateral360"/>
  <testcase name="verifyCollateralTitle" time="1.863" classname="collateral.collateral360"/>
  <testcase name="clickOnCollateralAndAdd" time="2.138" classname="collateral.collateral360"/>
</testsuite> <!-- collateral.collateral360 -->
