<?xml version="1.0" encoding="UTF-8"?>
<!-- Generated by org.testng.reporters.JUnitReportReporter -->
<testsuite hostname="pbajpai" name="collateral.collateral360" tests="3" failures="0" timestamp="21 Jul 2015 19:14:27 GMT" time="47.156" errors="0">
  <testcase name="verifyCollateralTitle" time="0.522" classname="collateral.collateral360"/>
  <testcase name="clickOnCollateralAndAdd" time="2.532" classname="collateral.collateral360"/>
  <testcase name="saveCollateralInformation" time="44.102" classname="collateral.collateral360"/>
</testsuite> <!-- collateral.collateral360 -->
