<?xml version="1.0" encoding="UTF-8"?>
<!-- Generated by org.testng.reporters.JUnitReportReporter -->
<testsuite hostname="gulshango-w7" name="customer.Cust360" tests="3" failures="0" timestamp="20 Aug 2015 06:57:43 GMT" time="28.841" errors="0">
  <testcase name="saveAddress" time="22.256" classname="customer.Cust360"/>
  <testcase name="verifyAddressTitleOnAddressPage" time="0.066" classname="customer.Cust360"/>
  <testcase name="clickAddressAndAdd" time="6.519" classname="customer.Cust360"/>
</testsuite> <!-- customer.Cust360 -->
