<?xml version="1.0" encoding="UTF-8"?>
<!-- Generated by org.testng.reporters.JUnitReportReporter -->
<testsuite hostname="pbajpai" name="com.provenir.automation.framework.testcases.Customer360" tests="3" failures="0" timestamp="10 Sep 2015 01:20:50 GMT" time="113.318" errors="0">
  <testcase name="test3_saveAddress" time="71.496" classname="com.provenir.automation.framework.testcases.Customer360"/>
  <testcase name="test1_login" time="41.700" classname="com.provenir.automation.framework.testcases.Customer360"/>
  <testcase name="test2_verifyAddressTitle" time="0.122" classname="com.provenir.automation.framework.testcases.Customer360"/>
</testsuite> <!-- com.provenir.automation.framework.testcases.Customer360 -->
