<?xml version="1.0" encoding="UTF-8"?>
<!-- Generated by org.testng.reporters.JUnitReportReporter -->
<testsuite hostname="parasharb-w7" name="com.provenir.automation.framework.testcases.FilteredQueues" tests="32" failures="1" timestamp="7 Jan 2016 12:17:07 GMT" time="385.920" errors="0">
  <testcase name="test10_verifyWorkflowExpandedOrNot" time="10.913" classname="com.provenir.automation.framework.testcases.FilteredQueues"/>
  <testcase name="test9_verifyHeaderOnTMActAsHyperlink" time="13.880" classname="com.provenir.automation.framework.testcases.FilteredQueues"/>
  <testcase name="test30_verifyFiltersOnRoleQueue" time="1.913" classname="com.provenir.automation.framework.testcases.FilteredQueues"/>
  <testcase name="test28_verifyFilterationOnGroupQueue" time="20.953" classname="com.provenir.automation.framework.testcases.FilteredQueues"/>
  <testcase name="test23_verifyDefaultValuesOfFiltersOnMyTasksPage" time="2.152" classname="com.provenir.automation.framework.testcases.FilteredQueues"/>
  <testcase name="test7_verifyReqCount" time="2.060" classname="com.provenir.automation.framework.testcases.FilteredQueues"/>
  <testcase name="test1_landingPage" time="37.208" classname="com.provenir.automation.framework.testcases.FilteredQueues"/>
  <testcase name="test2_verifyFiltersOnMyRequestsPage" time="48.212" classname="com.provenir.automation.framework.testcases.FilteredQueues"/>
  <testcase name="test34_verifySortedColumnsOnMyTasks" time="7.520" classname="com.provenir.automation.framework.testcases.FilteredQueues"/>
  <testcase name="test29_verifyRoleQueuePageDisplayed" time="9.922" classname="com.provenir.automation.framework.testcases.FilteredQueues"/>
  <testcase name="test18_verifyFiltersOnMyTeamTasksPage" time="3.000" classname="com.provenir.automation.framework.testcases.FilteredQueues"/>
  <testcase name="test24_verifyFilterationOnMyTasksPage" time="9.806" classname="com.provenir.automation.framework.testcases.FilteredQueues"/>
  <testcase name="test5_verifyInitialWorkflowStatusOfNewlyCreatedRequest" time="28.802" classname="com.provenir.automation.framework.testcases.FilteredQueues"/>
  <testcase name="test11_verifyTaskListDisplayedOnExpanding" time="18.773" classname="com.provenir.automation.framework.testcases.FilteredQueues"/>
  <testcase name="test31_verifyDefaultValuesOfFiltersOnRoleQueue" time="1.677" classname="com.provenir.automation.framework.testcases.FilteredQueues"/>
  <testcase name="test25_verifyGroupQueuePageDisplayed" time="13.690" classname="com.provenir.automation.framework.testcases.FilteredQueues"/>
  <testcase name="test33_gotoOnMTasks" time="14.810" classname="com.provenir.automation.framework.testcases.FilteredQueues"/>
  <testcase name="test8_verifyExpandAllOnMyReqPage" time="4.069" classname="com.provenir.automation.framework.testcases.FilteredQueues"/>
  <testcase name="test14_clickCollapseOption" time="6.313" classname="com.provenir.automation.framework.testcases.FilteredQueues"/>
  <testcase name="test19_verifyDefaultValuesOfFiltersOnMyTeamTasksPage" time="1.668" classname="com.provenir.automation.framework.testcases.FilteredQueues"/>
  <testcase name="test3_verifyDefaultValuesOfFilters" time="4.161" classname="com.provenir.automation.framework.testcases.FilteredQueues"/>
  <testcase name="test6_verifyInitialDecisionStatusOfNewlyCreatedRequest" time="10.554" classname="com.provenir.automation.framework.testcases.FilteredQueues"/>
  <testcase name="test13_verifyCollapseAllFunctionality" time="11.073" classname="com.provenir.automation.framework.testcases.FilteredQueues"/>
  <testcase name="test27_verifyDefaultValuesOfFiltersOnGroupQueue" time="1.831" classname="com.provenir.automation.framework.testcases.FilteredQueues"/>
  <testcase name="test17_verifyMyTeamTasksPage" time="15.453" classname="com.provenir.automation.framework.testcases.FilteredQueues"/>
  <testcase name="test20_verifyFilterationOnMyTeamTasksPage" time="9.000" classname="com.provenir.automation.framework.testcases.FilteredQueues"/>
  <testcase name="test32_verifyFilterationOnRoleQueue" time="8.976" classname="com.provenir.automation.framework.testcases.FilteredQueues"/>
  <testcase name="test22_verifyFiltersOnMyTasksPAge" time="3.725" classname="com.provenir.automation.framework.testcases.FilteredQueues"/>
  <testcase name="test21_verifyMyTaskPageDisplayed" time="14.208" classname="com.provenir.automation.framework.testcases.FilteredQueues"/>
  <testcase name="test12_verifyExpandBtnAgainstEachTask" time="21.931" classname="com.provenir.automation.framework.testcases.FilteredQueues">
    <failure type="org.openqa.selenium.NoSuchElementException" message="no such element: Unable to locate element: {&quot;method&quot;:&quot;xpath&quot;,&quot;selector&quot;:&quot;//span[contains(@class,&#039;toggle expand&#039;)]&quot;}
  (Session info: chrome=47.0.2526.106)
  (Driver info: chromedriver=2.20.353145 (343b531d31eeb933ec778dbcf7081628a1396067),platform=Windows NT 6.1 SP1 x86_64) (WARNING: The server did not provide any stacktrace information)
Command duration or timeout: 37 milliseconds
For documentation on this error, please visit: http://seleniumhq.org/exceptions/no_such_element.html
Build info: version: &#039;2.48.2&#039;, revision: &#039;41bccdd&#039;, time: &#039;2015-10-09 19:55:52&#039;
System info: host: &#039;parasharb-w7&#039;, ip: &#039;172.27.103.103&#039;, os.name: &#039;Windows 7&#039;, os.arch: &#039;amd64&#039;, os.version: &#039;6.1&#039;, java.version: &#039;1.7.0_75&#039;
*** Element info: {Using=xpath, value=//span[contains(@class,&#039;toggle expand&#039;)]}
Session ID: 8f8af382f71bb2d879e0b58c1960ea66
Driver info: org.openqa.selenium.remote.RemoteWebDriver
Capabilities [{platform=XP, acceptSslCerts=true, javascriptEnabled=true, browserName=chrome, chrome={userDataDir=C:\Users\PARASH~1\AppData\Local\Temp\scoped_dir17792_3987}, rotatable=false, locationContextEnabled=true, mobileEmulationEnabled=false, version=47.0.2526.106, takesHeapSnapshot=true, cssSelectorsEnabled=true, databaseEnabled=false, handlesAlerts=true, browserConnectionEnabled=false, webStorageEnabled=true, nativeEvents=true, hasTouchScreen=false, applicationCacheEnabled=false, takesScreenshot=true}]">
      <![CDATA[org.openqa.selenium.NoSuchElementException: no such element: Unable to locate element: {"method":"xpath","selector":"//span[contains(@class,'toggle expand')]"}
  (Session info: chrome=47.0.2526.106)
  (Driver info: chromedriver=2.20.353145 (343b531d31eeb933ec778dbcf7081628a1396067),platform=Windows NT 6.1 SP1 x86_64) (WARNING: The server did not provide any stacktrace information)
Command duration or timeout: 37 milliseconds
For documentation on this error, please visit: http://seleniumhq.org/exceptions/no_such_element.html
Build info: version: '2.48.2', revision: '41bccdd', time: '2015-10-09 19:55:52'
System info: host: 'parasharb-w7', ip: '172.27.103.103', os.name: 'Windows 7', os.arch: 'amd64', os.version: '6.1', java.version: '1.7.0_75'
*** Element info: {Using=xpath, value=//span[contains(@class,'toggle expand')]}
Session ID: 8f8af382f71bb2d879e0b58c1960ea66
Driver info: org.openqa.selenium.remote.RemoteWebDriver
Capabilities [{platform=XP, acceptSslCerts=true, javascriptEnabled=true, browserName=chrome, chrome={userDataDir=C:\Users\PARASH~1\AppData\Local\Temp\scoped_dir17792_3987}, rotatable=false, locationContextEnabled=true, mobileEmulationEnabled=false, version=47.0.2526.106, takesHeapSnapshot=true, cssSelectorsEnabled=true, databaseEnabled=false, handlesAlerts=true, browserConnectionEnabled=false, webStorageEnabled=true, nativeEvents=true, hasTouchScreen=false, applicationCacheEnabled=false, takesScreenshot=true}]
	at sun.reflect.GeneratedConstructorAccessor13.newInstance(Unknown Source)
	at sun.reflect.DelegatingConstructorAccessorImpl.newInstance(Unknown Source)
	at java.lang.reflect.Constructor.newInstance(Unknown Source)
	at org.openqa.selenium.remote.ErrorHandler.createThrowable(ErrorHandler.java:206)
	at org.openqa.selenium.remote.ErrorHandler.throwIfResponseFailed(ErrorHandler.java:158)
	at org.openqa.selenium.remote.RemoteWebDriver.execute(RemoteWebDriver.java:647)
	at org.openqa.selenium.remote.RemoteWebDriver.findElement(RemoteWebDriver.java:353)
	at org.openqa.selenium.remote.RemoteWebDriver.findElementByXPath(RemoteWebDriver.java:490)
	at org.openqa.selenium.By$ByXPath.findElement(By.java:361)
	at org.openqa.selenium.remote.RemoteWebDriver.findElement(RemoteWebDriver.java:345)
	at org.openqa.selenium.support.pagefactory.DefaultElementLocator.findElement(DefaultElementLocator.java:69)
	at org.openqa.selenium.support.pagefactory.internal.LocatingElementHandler.invoke(LocatingElementHandler.java:38)
	at com.sun.proxy.$Proxy9.isDisplayed(Unknown Source)
	at com.provenir.automation.framework.helper.MyRequests.verifyExpandAllOptionOfTasks(MyRequests.java:624)
	at com.provenir.automation.framework.testcases.FilteredQueues.test12_verifyExpandBtnAgainstEachTask(FilteredQueues.java:131)
	at sun.reflect.NativeMethodAccessorImpl.invoke0(Native Method)
	at sun.reflect.NativeMethodAccessorImpl.invoke(Unknown Source)
	at sun.reflect.DelegatingMethodAccessorImpl.invoke(Unknown Source)
	at java.lang.reflect.Method.invoke(Unknown Source)
	at org.testng.internal.MethodInvocationHelper.invokeMethod(MethodInvocationHelper.java:84)
	at org.testng.internal.Invoker.invokeMethod(Invoker.java:714)
	at org.testng.internal.Invoker.invokeTestMethod(Invoker.java:901)
	at org.testng.internal.Invoker.invokeTestMethods(Invoker.java:1231)
	at org.testng.internal.TestMethodWorker.invokeTestMethods(TestMethodWorker.java:127)
	at org.testng.internal.TestMethodWorker.run(TestMethodWorker.java:111)
	at org.testng.TestRunner.privateRun(TestRunner.java:767)
	at org.testng.TestRunner.run(TestRunner.java:617)
	at org.testng.SuiteRunner.runTest(SuiteRunner.java:334)
	at org.testng.SuiteRunner.access$000(SuiteRunner.java:37)
	at org.testng.SuiteRunner$SuiteWorker.run(SuiteRunner.java:368)
	at org.testng.internal.thread.ThreadUtil$2.call(ThreadUtil.java:64)
	at java.util.concurrent.FutureTask.run(Unknown Source)
	at java.util.concurrent.ThreadPoolExecutor.runWorker(Unknown Source)
	at java.util.concurrent.ThreadPoolExecutor$Worker.run(Unknown Source)
	at java.lang.Thread.run(Unknown Source)
]]>
    </failure>
  </testcase> <!-- test12_verifyExpandBtnAgainstEachTask -->
  <testcase name="test26_verifyFiltersOnGroupQueue" time="2.014" classname="com.provenir.automation.framework.testcases.FilteredQueues"/>
  <testcase name="test4_verifyFiltersFunctionality" time="25.653" classname="com.provenir.automation.framework.testcases.FilteredQueues"/>
</testsuite> <!-- com.provenir.automation.framework.testcases.FilteredQueues -->
