<?xml version="1.0" encoding="UTF-8"?>
<!-- Generated by org.testng.reporters.JUnitReportReporter -->
<testsuite hostname="pbajpai" name="com.provenir.automation.framework.testcases.Collateral360" tests="4" failures="0" timestamp="10 Sep 2015 18:10:14 GMT" time="127.758" errors="0">
  <testcase name="test_new_page_by_madhu" time="5.300" classname="com.provenir.automation.framework.testcases.Collateral360"/>
  <testcase name="test1_gotoCollateral360" time="36.757" classname="com.provenir.automation.framework.testcases.Collateral360"/>
  <testcase name="test2_verifyCollateralTitle" time="10.830" classname="com.provenir.automation.framework.testcases.Collateral360"/>
  <testcase name="test3_saveCollateralDetails" time="74.871" classname="com.provenir.automation.framework.testcases.Collateral360"/>
</testsuite> <!-- com.provenir.automation.framework.testcases.Collateral360 -->
