<?xml version="1.0" encoding="UTF-8"?>
<!-- Generated by org.testng.reporters.JUnitReportReporter -->
<testsuite hostname="parasharb-w7" name="com.provenir.automation.framework.testcases.Customer360" tests="3" failures="0" timestamp="19 Sep 2015 06:02:15 GMT" time="204.122" errors="0">
  <testcase name="test1_gotoCustomer360" time="115.060" classname="com.provenir.automation.framework.testcases.Customer360"/>
  <testcase name="test2_verifyAddressTitle" time="0.860" classname="com.provenir.automation.framework.testcases.Customer360"/>
  <testcase name="test3_saveAddress" time="88.202" classname="com.provenir.automation.framework.testcases.Customer360"/>
</testsuite> <!-- com.provenir.automation.framework.testcases.Customer360 -->
