<?xml version="1.0" encoding="UTF-8"?>
<!-- Generated by org.testng.reporters.JUnitReportReporter -->
<testsuite hostname="pbajpai" name="com.provenir.automation.framework.testcases.Credit360" tests="1" failures="0" timestamp="9 Sep 2015 09:46:10 GMT" time="56.874" errors="0">
  <testcase name="test1_login" time="56.874" classname="com.provenir.automation.framework.testcases.Credit360"/>
</testsuite> <!-- com.provenir.automation.framework.testcases.Credit360 -->
