<?xml version="1.0" encoding="UTF-8"?>
<!-- Generated by org.testng.reporters.JUnitReportReporter -->
<testsuite hostname="pbajpai" name="com.provenir.automation.framework.testcases.Collateral360" tests="4" failures="0" timestamp="11 Sep 2015 17:18:16 GMT" time="154.996" errors="0">
  <testcase name="test2_verifyCollateralTitle" time="10.710" classname="com.provenir.automation.framework.testcases.Collateral360"/>
  <testcase name="test1_gotoCollateral360" time="42.113" classname="com.provenir.automation.framework.testcases.Collateral360"/>
  <testcase name="test3_saveCollateralDetails" time="72.955" classname="com.provenir.automation.framework.testcases.Collateral360"/>
  <testcase name="test_new_page_by_madhu" time="29.218" classname="com.provenir.automation.framework.testcases.Collateral360"/>
</testsuite> <!-- com.provenir.automation.framework.testcases.Collateral360 -->
