<?xml version="1.0" encoding="UTF-8"?>
<!-- Generated by org.testng.reporters.JUnitReportReporter -->
<testsuite hostname="pbajpai" name="com.provenir.automation.framework.testcases.Customer360" tests="3" failures="0" timestamp="10 Sep 2015 09:39:45 GMT" time="115.659" errors="0">
  <testcase name="test2_verifyAddressTitle" time="0.161" classname="com.provenir.automation.framework.testcases.Customer360"/>
  <testcase name="test1_gotoCustomer360" time="43.781" classname="com.provenir.automation.framework.testcases.Customer360"/>
  <testcase name="test3_saveAddress" time="71.717" classname="com.provenir.automation.framework.testcases.Customer360"/>
</testsuite> <!-- com.provenir.automation.framework.testcases.Customer360 -->
