<?xml version="1.0" encoding="UTF-8"?>
<!-- Generated by org.testng.reporters.JUnitReportReporter -->
<testsuite hostname="parasharb-w7" name="com.provenir.automation.framework.testcases.FilteredQueues" tests="32" failures="1" timestamp="28 Dec 2015 10:08:17 GMT" time="316.421" errors="0">
  <testcase name="test2_verifyFiltersOnMyRequestsPage" time="7.593" classname="com.provenir.automation.framework.testcases.FilteredQueues"/>
  <testcase name="test13_verifyCollapseAllFunctionality" time="0.116" classname="com.provenir.automation.framework.testcases.FilteredQueues"/>
  <testcase name="test25_verifyGroupQueuePageDisplayed" time="38.281" classname="com.provenir.automation.framework.testcases.FilteredQueues"/>
  <testcase name="test32_verifyFilterationOnRoleQueue" time="3.276" classname="com.provenir.automation.framework.testcases.FilteredQueues"/>
  <testcase name="test21_verifyMyTaskPageDisplayed" time="28.337" classname="com.provenir.automation.framework.testcases.FilteredQueues"/>
  <testcase name="test22_verifyFiltersOnMyTasksPAge" time="3.198" classname="com.provenir.automation.framework.testcases.FilteredQueues"/>
  <testcase name="test8_verifyExpandAllOnMyReqPage" time="0.109" classname="com.provenir.automation.framework.testcases.FilteredQueues"/>
  <testcase name="test14_clickCollapseOption" time="0.760" classname="com.provenir.automation.framework.testcases.FilteredQueues"/>
  <testcase name="test27_verifyDefaultValuesOfFiltersOnGroupQueue" time="0.169" classname="com.provenir.automation.framework.testcases.FilteredQueues"/>
  <testcase name="test10_verifyWorkflowExpandedOrNot" time="0.250" classname="com.provenir.automation.framework.testcases.FilteredQueues"/>
  <testcase name="test5_verifyInitialWorkflowStatusOfNewlyCreatedRequest" time="16.481" classname="com.provenir.automation.framework.testcases.FilteredQueues"/>
  <testcase name="test12_verifyExpandBtnAgainstEachTask" time="26.783" classname="com.provenir.automation.framework.testcases.FilteredQueues">
    <failure type="org.openqa.selenium.NoSuchElementException" message="Unable to locate element: {&quot;method&quot;:&quot;xpath&quot;,&quot;selector&quot;:&quot;//span[contains(@class,&#039;toggle expand&#039;)]&quot;}
Command duration or timeout: 61 milliseconds
For documentation on this error, please visit: http://seleniumhq.org/exceptions/no_such_element.html
Build info: version: &#039;2.48.2&#039;, revision: &#039;41bccdd&#039;, time: &#039;2015-10-09 19:55:52&#039;
System info: host: &#039;parasharb-w7&#039;, ip: &#039;172.27.103.103&#039;, os.name: &#039;Windows 7&#039;, os.arch: &#039;amd64&#039;, os.version: &#039;6.1&#039;, java.version: &#039;1.7.0_75&#039;
*** Element info: {Using=xpath, value=//span[contains(@class,&#039;toggle expand&#039;)]}
Session ID: e85f0bf4-e1e1-4e95-a146-d123af563ed9
Driver info: org.openqa.selenium.firefox.FirefoxDriver
Capabilities [{platform=WINDOWS, acceptSslCerts=true, javascriptEnabled=true, cssSelectorsEnabled=true, databaseEnabled=true, browserName=firefox, handlesAlerts=true, nativeEvents=false, webStorageEnabled=true, rotatable=false, locationContextEnabled=true, applicationCacheEnabled=true, takesScreenshot=true, version=43.0.2}]">
      <![CDATA[org.openqa.selenium.NoSuchElementException: Unable to locate element: {"method":"xpath","selector":"//span[contains(@class,'toggle expand')]"}
Command duration or timeout: 61 milliseconds
For documentation on this error, please visit: http://seleniumhq.org/exceptions/no_such_element.html
Build info: version: '2.48.2', revision: '41bccdd', time: '2015-10-09 19:55:52'
System info: host: 'parasharb-w7', ip: '172.27.103.103', os.name: 'Windows 7', os.arch: 'amd64', os.version: '6.1', java.version: '1.7.0_75'
*** Element info: {Using=xpath, value=//span[contains(@class,'toggle expand')]}
Session ID: e85f0bf4-e1e1-4e95-a146-d123af563ed9
Driver info: org.openqa.selenium.firefox.FirefoxDriver
Capabilities [{platform=WINDOWS, acceptSslCerts=true, javascriptEnabled=true, cssSelectorsEnabled=true, databaseEnabled=true, browserName=firefox, handlesAlerts=true, nativeEvents=false, webStorageEnabled=true, rotatable=false, locationContextEnabled=true, applicationCacheEnabled=true, takesScreenshot=true, version=43.0.2}]
	at sun.reflect.GeneratedConstructorAccessor14.newInstance(Unknown Source)
	at sun.reflect.DelegatingConstructorAccessorImpl.newInstance(Unknown Source)
	at java.lang.reflect.Constructor.newInstance(Unknown Source)
	at org.openqa.selenium.remote.ErrorHandler.createThrowable(ErrorHandler.java:206)
	at org.openqa.selenium.remote.ErrorHandler.throwIfResponseFailed(ErrorHandler.java:158)
	at org.openqa.selenium.remote.RemoteWebDriver.execute(RemoteWebDriver.java:647)
	at org.openqa.selenium.remote.RemoteWebDriver.findElement(RemoteWebDriver.java:353)
	at org.openqa.selenium.remote.RemoteWebDriver.findElementByXPath(RemoteWebDriver.java:490)
	at org.openqa.selenium.By$ByXPath.findElement(By.java:361)
	at org.openqa.selenium.remote.RemoteWebDriver.findElement(RemoteWebDriver.java:345)
	at org.openqa.selenium.support.pagefactory.DefaultElementLocator.findElement(DefaultElementLocator.java:69)
	at org.openqa.selenium.support.pagefactory.internal.LocatingElementHandler.invoke(LocatingElementHandler.java:38)
	at com.sun.proxy.$Proxy9.isDisplayed(Unknown Source)
	at com.provenir.automation.framework.helper.MyRequests.verifyExpandAllOptionOfTasks(MyRequests.java:624)
	at com.provenir.automation.framework.testcases.FilteredQueues.test12_verifyExpandBtnAgainstEachTask(FilteredQueues.java:131)
	at sun.reflect.NativeMethodAccessorImpl.invoke0(Native Method)
	at sun.reflect.NativeMethodAccessorImpl.invoke(Unknown Source)
	at sun.reflect.DelegatingMethodAccessorImpl.invoke(Unknown Source)
	at java.lang.reflect.Method.invoke(Unknown Source)
	at org.testng.internal.MethodInvocationHelper.invokeMethod(MethodInvocationHelper.java:84)
	at org.testng.internal.Invoker.invokeMethod(Invoker.java:714)
	at org.testng.internal.Invoker.invokeTestMethod(Invoker.java:901)
	at org.testng.internal.Invoker.invokeTestMethods(Invoker.java:1231)
	at org.testng.internal.TestMethodWorker.invokeTestMethods(TestMethodWorker.java:127)
	at org.testng.internal.TestMethodWorker.run(TestMethodWorker.java:111)
	at org.testng.TestRunner.privateRun(TestRunner.java:767)
	at org.testng.TestRunner.run(TestRunner.java:617)
	at org.testng.SuiteRunner.runTest(SuiteRunner.java:334)
	at org.testng.SuiteRunner.access$000(SuiteRunner.java:37)
	at org.testng.SuiteRunner$SuiteWorker.run(SuiteRunner.java:368)
	at org.testng.internal.thread.ThreadUtil$2.call(ThreadUtil.java:64)
	at java.util.concurrent.FutureTask.run(Unknown Source)
	at java.util.concurrent.ThreadPoolExecutor.runWorker(Unknown Source)
	at java.util.concurrent.ThreadPoolExecutor$Worker.run(Unknown Source)
	at java.lang.Thread.run(Unknown Source)
Caused by: org.openqa.selenium.NoSuchElementException: Unable to locate element: {"method":"xpath","selector":"//span[contains(@class,'toggle expand')]"}
For documentation on this error, please visit: http://seleniumhq.org/exceptions/no_such_element.html
Build info: version: '2.48.2', revision: '41bccdd', time: '2015-10-09 19:55:52'
System info: host: 'parasharb-w7', ip: '172.27.103.103', os.name: 'Windows 7', os.arch: 'amd64', os.version: '6.1', java.version: '1.7.0_75'
Driver info: driver.version: unknown
	at <anonymous class>.FirefoxDriver.prototype.findElementInternal_(file:///C:/Users/PARASH~1/AppData/Local/Temp/anonymous5703867653054763153webdriver-profile/extensions/fxdriver@googlecode.com/components/driver-component.js:10659)
	at <anonymous class>.FirefoxDriver.prototype.findElement(file:///C:/Users/PARASH~1/AppData/Local/Temp/anonymous5703867653054763153webdriver-profile/extensions/fxdriver@googlecode.com/components/driver-component.js:10668)
	at <anonymous class>.DelayedCommand.prototype.executeInternal_/h(file:///C:/Users/PARASH~1/AppData/Local/Temp/anonymous5703867653054763153webdriver-profile/extensions/fxdriver@googlecode.com/components/command-processor.js:12534)
	at <anonymous class>.DelayedCommand.prototype.executeInternal_(file:///C:/Users/PARASH~1/AppData/Local/Temp/anonymous5703867653054763153webdriver-profile/extensions/fxdriver@googlecode.com/components/command-processor.js:12539)
	at <anonymous class>.DelayedCommand.prototype.execute/<(file:///C:/Users/PARASH~1/AppData/Local/Temp/anonymous5703867653054763153webdriver-profile/extensions/fxdriver@googlecode.com/components/command-processor.js:12481)
]]>
    </failure>
  </testcase> <!-- test12_verifyExpandBtnAgainstEachTask -->
  <testcase name="test1_landingPage" time="35.001" classname="com.provenir.automation.framework.testcases.FilteredQueues"/>
  <testcase name="test18_verifyFiltersOnMyTeamTasksPage" time="0.507" classname="com.provenir.automation.framework.testcases.FilteredQueues"/>
  <testcase name="test4_verifyFiltersFunctionality" time="4.465" classname="com.provenir.automation.framework.testcases.FilteredQueues"/>
  <testcase name="test24_verifyFilterationOnMyTasksPage" time="10.257" classname="com.provenir.automation.framework.testcases.FilteredQueues"/>
  <testcase name="test19_verifyDefaultValuesOfFiltersOnMyTeamTasksPage" time="0.194" classname="com.provenir.automation.framework.testcases.FilteredQueues"/>
  <testcase name="test6_verifyInitialDecisionStatusOfNewlyCreatedRequest" time="8.700" classname="com.provenir.automation.framework.testcases.FilteredQueues"/>
  <testcase name="test20_verifyFilterationOnMyTeamTasksPage" time="4.980" classname="com.provenir.automation.framework.testcases.FilteredQueues"/>
  <testcase name="test3_verifyDefaultValuesOfFilters" time="0.073" classname="com.provenir.automation.framework.testcases.FilteredQueues"/>
  <testcase name="test7_verifyReqCount" time="0.048" classname="com.provenir.automation.framework.testcases.FilteredQueues"/>
  <testcase name="test9_verifyHeaderOnTMActAsHyperlink" time="15.601" classname="com.provenir.automation.framework.testcases.FilteredQueues"/>
  <testcase name="test31_verifyDefaultValuesOfFiltersOnRoleQueue" time="0.140" classname="com.provenir.automation.framework.testcases.FilteredQueues"/>
  <testcase name="test26_verifyFiltersOnGroupQueue" time="0.364" classname="com.provenir.automation.framework.testcases.FilteredQueues"/>
  <testcase name="test33_gotoOnMTasks" time="22.489" classname="com.provenir.automation.framework.testcases.FilteredQueues"/>
  <testcase name="test17_verifyMyTeamTasksPage" time="12.982" classname="com.provenir.automation.framework.testcases.FilteredQueues"/>
  <testcase name="test23_verifyDefaultValuesOfFiltersOnMyTasksPage" time="1.505" classname="com.provenir.automation.framework.testcases.FilteredQueues"/>
  <testcase name="test11_verifyTaskListDisplayedOnExpanding" time="21.620" classname="com.provenir.automation.framework.testcases.FilteredQueues"/>
  <testcase name="test29_verifyRoleQueuePageDisplayed" time="8.289" classname="com.provenir.automation.framework.testcases.FilteredQueues"/>
  <testcase name="test28_verifyFilterationOnGroupQueue" time="31.518" classname="com.provenir.automation.framework.testcases.FilteredQueues"/>
  <testcase name="test34_verifySortedColumnsOnMyTasks" time="12.096" classname="com.provenir.automation.framework.testcases.FilteredQueues"/>
  <testcase name="test30_verifyFiltersOnRoleQueue" time="0.239" classname="com.provenir.automation.framework.testcases.FilteredQueues"/>
</testsuite> <!-- com.provenir.automation.framework.testcases.FilteredQueues -->
