<?xml version="1.0" encoding="UTF-8"?>
<!-- Generated by org.testng.reporters.JUnitReportReporter -->
<testsuite hostname="parasharb-w7" name="com.provenir.automation.framework.testcases.FacilityLevelWorkflow" tests="26" failures="1" timestamp="23 Dec 2015 10:51:56 GMT" time="448.852" errors="0">
  <testcase name="test20_verifyTaskManagementSection" time="23.683" classname="com.provenir.automation.framework.testcases.FacilityLevelWorkflow">
    <failure type="java.lang.NullPointerException">
      <![CDATA[java.lang.NullPointerException
	at com.provenir.automation.framework.helper.Credit360Helper.clickActionColumnAndVerifyAddedWorkflow(Credit360Helper.java:142)
	at com.provenir.automation.framework.testcases.FacilityLevelWorkflow.test20_verifyTaskManagementSection(FacilityLevelWorkflow.java:247)
	at sun.reflect.NativeMethodAccessorImpl.invoke0(Native Method)
	at sun.reflect.NativeMethodAccessorImpl.invoke(Unknown Source)
	at sun.reflect.DelegatingMethodAccessorImpl.invoke(Unknown Source)
	at java.lang.reflect.Method.invoke(Unknown Source)
	at org.testng.internal.MethodInvocationHelper.invokeMethod(MethodInvocationHelper.java:84)
	at org.testng.internal.Invoker.invokeMethod(Invoker.java:714)
	at org.testng.internal.Invoker.invokeTestMethod(Invoker.java:901)
	at org.testng.internal.Invoker.invokeTestMethods(Invoker.java:1231)
	at org.testng.internal.TestMethodWorker.invokeTestMethods(TestMethodWorker.java:127)
	at org.testng.internal.TestMethodWorker.run(TestMethodWorker.java:111)
	at org.testng.TestRunner.privateRun(TestRunner.java:767)
	at org.testng.TestRunner.run(TestRunner.java:617)
	at org.testng.SuiteRunner.runTest(SuiteRunner.java:334)
	at org.testng.SuiteRunner.access$000(SuiteRunner.java:37)
	at org.testng.SuiteRunner$SuiteWorker.run(SuiteRunner.java:368)
	at org.testng.internal.thread.ThreadUtil$2.call(ThreadUtil.java:64)
	at java.util.concurrent.FutureTask.run(Unknown Source)
	at java.util.concurrent.ThreadPoolExecutor.runWorker(Unknown Source)
	at java.util.concurrent.ThreadPoolExecutor$Worker.run(Unknown Source)
	at java.lang.Thread.run(Unknown Source)
]]>
    </failure>
  </testcase> <!-- test20_verifyTaskManagementSection -->
  <testcase name="test23_verifyNoWorkflowIsDisplayedInTaskMgmtOfFacility360" time="0.240" classname="com.provenir.automation.framework.testcases.FacilityLevelWorkflow"/>
  <testcase name="test30_expandReqAndGotoFacility360" time="26.374" classname="com.provenir.automation.framework.testcases.FacilityLevelWorkflow"/>
  <testcase name="test25_verifyTaskManagementLoadedOnFacility360" time="13.435" classname="com.provenir.automation.framework.testcases.FacilityLevelWorkflow"/>
  <testcase name="test11_goToHomePage" time="6.059" classname="com.provenir.automation.framework.testcases.FacilityLevelWorkflow"/>
  <testcase name="test17_verifysavedFacilityWorkflow" time="11.845" classname="com.provenir.automation.framework.testcases.FacilityLevelWorkflow"/>
  <testcase name="test27_verifyWorkflowOrderInCredit360" time="51.687" classname="com.provenir.automation.framework.testcases.FacilityLevelWorkflow"/>
  <testcase name="test1_verifyResultsAccToWorkflowType" time="19.454" classname="com.provenir.automation.framework.testcases.FacilityLevelWorkflow"/>
  <testcase name="test3_verifyMandatoryDetailsOnManageWorkflow" time="18.296" classname="com.provenir.automation.framework.testcases.FacilityLevelWorkflow"/>
  <testcase name="test24_gotoFacility360" time="18.884" classname="com.provenir.automation.framework.testcases.FacilityLevelWorkflow"/>
  <testcase name="test26_triggerFacilityWorkflow" time="0.184" classname="com.provenir.automation.framework.testcases.FacilityLevelWorkflow"/>
  <testcase name="test28_gotoMyRequestPage" time="22.752" classname="com.provenir.automation.framework.testcases.FacilityLevelWorkflow"/>
  <testcase name="test2_clickOnAddBtnOfWorkflowSummary" time="18.671" classname="com.provenir.automation.framework.testcases.FacilityLevelWorkflow"/>
  <testcase name="test14_verifySavedWorkflow" time="17.371" classname="com.provenir.automation.framework.testcases.FacilityLevelWorkflow"/>
  <testcase name="test29_verifyWorkflowDDLReadOnlyWhenEdit" time="0.708" classname="com.provenir.automation.framework.testcases.FacilityLevelWorkflow"/>
  <testcase name="test32_VerifyAssociatedWorkflowIsDeletedOrNot" time="30.781" classname="com.provenir.automation.framework.testcases.FacilityLevelWorkflow"/>
  <testcase name="test19_searchRequest" time="25.846" classname="com.provenir.automation.framework.testcases.FacilityLevelWorkflow"/>
  <testcase name="test22_verifyTaskManagementLoadedOnFacility360" time="2.059" classname="com.provenir.automation.framework.testcases.FacilityLevelWorkflow"/>
  <testcase name="test21_gotoFacility360" time="30.747" classname="com.provenir.automation.framework.testcases.FacilityLevelWorkflow"/>
  <testcase name="test18_gotoHomePage" time="6.297" classname="com.provenir.automation.framework.testcases.FacilityLevelWorkflow"/>
  <testcase name="landingPage" time="48.870" classname="com.provenir.automation.framework.testcases.FacilityLevelWorkflow"/>
  <testcase name="test12_clickNewCreditRequest" time="3.221" classname="com.provenir.automation.framework.testcases.FacilityLevelWorkflow"/>
  <testcase name="test15_clickTransactionInfoPage" time="18.631" classname="com.provenir.automation.framework.testcases.FacilityLevelWorkflow"/>
  <testcase name="test16_verifyDefaultFacilityLevelWorkflow" time="10.477" classname="com.provenir.automation.framework.testcases.FacilityLevelWorkflow"/>
  <testcase name="test13_verifyDefaultCreditLevelWorkflow" time="0.115" classname="com.provenir.automation.framework.testcases.FacilityLevelWorkflow"/>
  <testcase name="test31_deleteFacility" time="22.165" classname="com.provenir.automation.framework.testcases.FacilityLevelWorkflow"/>
</testsuite> <!-- com.provenir.automation.framework.testcases.FacilityLevelWorkflow -->
