<?xml version="1.0" encoding="UTF-8"?>
<!-- Generated by org.testng.reporters.JUnitReportReporter -->
<testsuite hostname="pbajpai" name="com.provenir.automation.framework.testcases.Customer360" tests="3" failures="0" timestamp="10 Sep 2015 18:10:14 GMT" time="116.779" errors="0">
  <testcase name="test1_gotoCustomer360" time="44.610" classname="com.provenir.automation.framework.testcases.Customer360"/>
  <testcase name="test2_verifyAddressTitle" time="0.145" classname="com.provenir.automation.framework.testcases.Customer360"/>
  <testcase name="test3_saveAddress" time="72.024" classname="com.provenir.automation.framework.testcases.Customer360"/>
</testsuite> <!-- com.provenir.automation.framework.testcases.Customer360 -->
