<?xml version="1.0" encoding="UTF-8"?>
<!-- Generated by org.testng.reporters.JUnitReportReporter -->
<testsuite hostname="parasharb-w7" name="com.provenir.automation.framework.testcases.Credit360" tests="1" failures="0" timestamp="22 Sep 2015 10:40:33 GMT" time="89.171" errors="0">
  <testcase name="test123" time="89.171" classname="com.provenir.automation.framework.testcases.Credit360"/>
</testsuite> <!-- com.provenir.automation.framework.testcases.Credit360 -->
