<?xml version="1.0" encoding="UTF-8"?>
<!-- Generated by org.testng.reporters.JUnitReportReporter -->
<testsuite hostname="parasharb-w7" name="com.provenir.automation.framework.testcases.FilteredQueues" tests="32" failures="0" timestamp="23 Dec 2015 10:09:05 GMT" time="230.277" errors="0">
  <testcase name="test7_verifyReqCount" time="0.066" classname="com.provenir.automation.framework.testcases.FilteredQueues"/>
  <testcase name="test25_verifyGroupQueuePageDisplayed" time="20.972" classname="com.provenir.automation.framework.testcases.FilteredQueues"/>
  <testcase name="test33_gotoOnMTasks" time="19.597" classname="com.provenir.automation.framework.testcases.FilteredQueues"/>
  <testcase name="test4_verifyFiltersFunctionality" time="4.864" classname="com.provenir.automation.framework.testcases.FilteredQueues"/>
  <testcase name="test6_verifyInitialDecisionStatusOfNewlyCreatedRequest" time="8.380" classname="com.provenir.automation.framework.testcases.FilteredQueues"/>
  <testcase name="test29_verifyRoleQueuePageDisplayed" time="17.378" classname="com.provenir.automation.framework.testcases.FilteredQueues"/>
  <testcase name="test9_verifyHeaderOnTMActAsHyperlink" time="28.164" classname="com.provenir.automation.framework.testcases.FilteredQueues"/>
  <testcase name="test1_landingPage" time="36.578" classname="com.provenir.automation.framework.testcases.FilteredQueues"/>
  <testcase name="test27_verifyDefaultValuesOfFiltersOnGroupQueue" time="0.159" classname="com.provenir.automation.framework.testcases.FilteredQueues"/>
  <testcase name="test31_verifyDefaultValuesOfFiltersOnRoleQueue" time="0.162" classname="com.provenir.automation.framework.testcases.FilteredQueues"/>
  <testcase name="test24_verifyFilterationOnMyTasksPage" time="7.385" classname="com.provenir.automation.framework.testcases.FilteredQueues"/>
  <testcase name="test5_verifyInitialWorkflowStatusOfNewlyCreatedRequest" time="15.572" classname="com.provenir.automation.framework.testcases.FilteredQueues"/>
  <testcase name="test30_verifyFiltersOnRoleQueue" time="0.209" classname="com.provenir.automation.framework.testcases.FilteredQueues"/>
  <testcase name="test13_verifyCollapseAllFunctionality" time="0.107" classname="com.provenir.automation.framework.testcases.FilteredQueues"/>
  <testcase name="test3_verifyDefaultValuesOfFilters" time="0.071" classname="com.provenir.automation.framework.testcases.FilteredQueues"/>
  <testcase name="test26_verifyFiltersOnGroupQueue" time="0.312" classname="com.provenir.automation.framework.testcases.FilteredQueues"/>
  <testcase name="test8_verifyExpandAllOnMyReqPage" time="0.137" classname="com.provenir.automation.framework.testcases.FilteredQueues"/>
  <testcase name="test12_verifyExpandBtnAgainstEachTask" time="0.114" classname="com.provenir.automation.framework.testcases.FilteredQueues"/>
  <testcase name="test28_verifyFilterationOnGroupQueue" time="8.835" classname="com.provenir.automation.framework.testcases.FilteredQueues"/>
  <testcase name="test23_verifyDefaultValuesOfFiltersOnMyTasksPage" time="0.264" classname="com.provenir.automation.framework.testcases.FilteredQueues"/>
  <testcase name="test2_verifyFiltersOnMyRequestsPage" time="0.616" classname="com.provenir.automation.framework.testcases.FilteredQueues"/>
  <testcase name="test18_verifyFiltersOnMyTeamTasksPage" time="0.739" classname="com.provenir.automation.framework.testcases.FilteredQueues"/>
  <testcase name="test21_verifyMyTaskPageDisplayed" time="18.526" classname="com.provenir.automation.framework.testcases.FilteredQueues"/>
  <testcase name="test34_verifySortedColumnsOnMyTasks" time="6.874" classname="com.provenir.automation.framework.testcases.FilteredQueues"/>
  <testcase name="test17_verifyMyTeamTasksPage" time="12.921" classname="com.provenir.automation.framework.testcases.FilteredQueues"/>
  <testcase name="test20_verifyFilterationOnMyTeamTasksPage" time="11.557" classname="com.provenir.automation.framework.testcases.FilteredQueues"/>
  <testcase name="test22_verifyFiltersOnMyTasksPAge" time="1.056" classname="com.provenir.automation.framework.testcases.FilteredQueues"/>
  <testcase name="test10_verifyWorkflowExpandedOrNot" time="1.765" classname="com.provenir.automation.framework.testcases.FilteredQueues"/>
  <testcase name="test11_verifyTaskListDisplayedOnExpanding" time="0.113" classname="com.provenir.automation.framework.testcases.FilteredQueues"/>
  <testcase name="test32_verifyFilterationOnRoleQueue" time="5.856" classname="com.provenir.automation.framework.testcases.FilteredQueues"/>
  <testcase name="test19_verifyDefaultValuesOfFiltersOnMyTeamTasksPage" time="0.186" classname="com.provenir.automation.framework.testcases.FilteredQueues"/>
  <testcase name="test14_clickCollapseOption" time="0.742" classname="com.provenir.automation.framework.testcases.FilteredQueues"/>
</testsuite> <!-- com.provenir.automation.framework.testcases.FilteredQueues -->
