<?xml version="1.0" encoding="UTF-8"?>
<!-- Generated by org.testng.reporters.JUnitReportReporter -->
<testsuite hostname="parasharb-w7" name="com.provenir.automation.framework.testcases.Collateral360" tests="7" failures="5" timestamp="20 Dec 2015 12:41:27 GMT" time="258968.188" errors="0">
  <testcase name="test42_SaveTaxInformationDetails" time="0.021" classname="com.provenir.automation.framework.testcases.Collateral360">
    <failure type="org.openqa.selenium.WebDriverException" message="Session not found: 06dc1c0c-5f65-4f4b-aa0d-856f3b08e9c5
Command duration or timeout: 9 milliseconds
Build info: version: &#039;2.46.0&#039;, revision: &#039;87c69e2&#039;, time: &#039;2015-06-04 16:17:10&#039;
System info: host: &#039;parasharb-w7&#039;, ip: &#039;172.27.103.103&#039;, os.name: &#039;Windows 7&#039;, os.arch: &#039;amd64&#039;, os.version: &#039;6.1&#039;, java.version: &#039;1.7.0_75&#039;
*** Element info: {Using=xpath, value=.//span[@class=&#039;ui-combobox notYetBind&#039;]/a}
Session ID: 06dc1c0c-5f65-4f4b-aa0d-856f3b08e9c5
Driver info: org.openqa.selenium.firefox.FirefoxDriver
Capabilities [{platform=WINDOWS, acceptSslCerts=true, javascriptEnabled=true, cssSelectorsEnabled=true, databaseEnabled=true, browserName=firefox, handlesAlerts=true, nativeEvents=false, webStorageEnabled=true, rotatable=false, locationContextEnabled=true, applicationCacheEnabled=true, takesScreenshot=true, version=42.0}]">
      <![CDATA[org.openqa.selenium.WebDriverException: Session not found: 06dc1c0c-5f65-4f4b-aa0d-856f3b08e9c5
Command duration or timeout: 9 milliseconds
Build info: version: '2.46.0', revision: '87c69e2', time: '2015-06-04 16:17:10'
System info: host: 'parasharb-w7', ip: '172.27.103.103', os.name: 'Windows 7', os.arch: 'amd64', os.version: '6.1', java.version: '1.7.0_75'
*** Element info: {Using=xpath, value=.//span[@class='ui-combobox notYetBind']/a}
Session ID: 06dc1c0c-5f65-4f4b-aa0d-856f3b08e9c5
Driver info: org.openqa.selenium.firefox.FirefoxDriver
Capabilities [{platform=WINDOWS, acceptSslCerts=true, javascriptEnabled=true, cssSelectorsEnabled=true, databaseEnabled=true, browserName=firefox, handlesAlerts=true, nativeEvents=false, webStorageEnabled=true, rotatable=false, locationContextEnabled=true, applicationCacheEnabled=true, takesScreenshot=true, version=42.0}]
	at sun.reflect.NativeConstructorAccessorImpl.newInstance0(Native Method)
	at sun.reflect.NativeConstructorAccessorImpl.newInstance(Unknown Source)
	at sun.reflect.DelegatingConstructorAccessorImpl.newInstance(Unknown Source)
	at java.lang.reflect.Constructor.newInstance(Unknown Source)
	at org.openqa.selenium.remote.ErrorHandler.createThrowable(ErrorHandler.java:204)
	at org.openqa.selenium.remote.ErrorHandler.throwIfResponseFailed(ErrorHandler.java:156)
	at org.openqa.selenium.remote.RemoteWebDriver.execute(RemoteWebDriver.java:605)
	at org.openqa.selenium.remote.RemoteWebDriver.findElements(RemoteWebDriver.java:383)
	at org.openqa.selenium.remote.RemoteWebDriver.findElementsByXPath(RemoteWebDriver.java:459)
	at org.openqa.selenium.By$ByXPath.findElements(By.java:353)
	at org.openqa.selenium.remote.RemoteWebDriver.findElements(RemoteWebDriver.java:346)
	at com.provenir.automation.framework.utility.Util.enableAllDropdowns(Util.java:145)
	at com.provenir.automation.framework.helper.Collateral360Helper.propertyTaxesCurrent(Collateral360Helper.java:1325)
	at com.provenir.automation.framework.testcases.Collateral360.test42_SaveTaxInformationDetails(Collateral360.java:411)
	at sun.reflect.NativeMethodAccessorImpl.invoke0(Native Method)
	at sun.reflect.NativeMethodAccessorImpl.invoke(Unknown Source)
	at sun.reflect.DelegatingMethodAccessorImpl.invoke(Unknown Source)
	at java.lang.reflect.Method.invoke(Unknown Source)
	at org.testng.internal.MethodInvocationHelper.invokeMethod(MethodInvocationHelper.java:84)
	at org.testng.internal.Invoker.invokeMethod(Invoker.java:714)
	at org.testng.internal.Invoker.invokeTestMethod(Invoker.java:901)
	at org.testng.internal.Invoker.invokeTestMethods(Invoker.java:1231)
	at org.testng.internal.TestMethodWorker.invokeTestMethods(TestMethodWorker.java:127)
	at org.testng.internal.TestMethodWorker.run(TestMethodWorker.java:111)
	at org.testng.TestRunner.privateRun(TestRunner.java:767)
	at org.testng.TestRunner.run(TestRunner.java:617)
	at org.testng.SuiteRunner.runTest(SuiteRunner.java:334)
	at org.testng.SuiteRunner.access$000(SuiteRunner.java:37)
	at org.testng.SuiteRunner$SuiteWorker.run(SuiteRunner.java:368)
	at org.testng.internal.thread.ThreadUtil$2.call(ThreadUtil.java:64)
	at java.util.concurrent.FutureTask.run(Unknown Source)
	at java.util.concurrent.ThreadPoolExecutor.runWorker(Unknown Source)
	at java.util.concurrent.ThreadPoolExecutor$Worker.run(Unknown Source)
	at java.lang.Thread.run(Unknown Source)
Caused by: org.openqa.selenium.WebDriverException: Session not found: 06dc1c0c-5f65-4f4b-aa0d-856f3b08e9c5
Build info: version: '2.46.0', revision: '87c69e2', time: '2015-06-04 16:17:10'
System info: host: 'parasharb-w7', ip: '172.27.103.103', os.name: 'Windows 7', os.arch: 'amd64', os.version: '6.1', java.version: '1.7.0_75'
Driver info: driver.version: unknown
	at <anonymous class>.nsCommandProcessor.prototype.execute(file:///C:/Users/PARASH~1/AppData/Local/Temp/anonymous8451458261825098374webdriver-profile/extensions/fxdriver@googlecode.com/components/command-processor.js:12325)
	at <anonymous class>.Dispatcher.executeAs/<(file:///C:/Users/PARASH~1/AppData/Local/Temp/anonymous8451458261825098374webdriver-profile/extensions/fxdriver@googlecode.com/components/driver-component.js:9089)
	at <anonymous class>.Resource.prototype.handle(file:///C:/Users/PARASH~1/AppData/Local/Temp/anonymous8451458261825098374webdriver-profile/extensions/fxdriver@googlecode.com/components/driver-component.js:9236)
	at <anonymous class>.Dispatcher.prototype.dispatch(file:///C:/Users/PARASH~1/AppData/Local/Temp/anonymous8451458261825098374webdriver-profile/extensions/fxdriver@googlecode.com/components/driver-component.js:9183)
	at <anonymous class>.WebDriverServer/<.handle(file:///C:/Users/PARASH~1/AppData/Local/Temp/anonymous8451458261825098374webdriver-profile/extensions/fxdriver@googlecode.com/components/driver-component.js:12136)
	at <anonymous class>.createHandlerFunc/<(file:///C:/Users/PARASH~1/AppData/Local/Temp/anonymous8451458261825098374webdriver-profile/extensions/fxdriver@googlecode.com/components/httpd.js:2054)
	at <anonymous class>.ServerHandler.prototype.handleResponse(file:///C:/Users/PARASH~1/AppData/Local/Temp/anonymous8451458261825098374webdriver-profile/extensions/fxdriver@googlecode.com/components/httpd.js:2387)
	at <anonymous class>.Connection.prototype.process(file:///C:/Users/PARASH~1/AppData/Local/Temp/anonymous8451458261825098374webdriver-profile/extensions/fxdriver@googlecode.com/components/httpd.js:1223)
	at <anonymous class>.RequestReader.prototype._handleResponse(file:///C:/Users/PARASH~1/AppData/Local/Temp/anonymous8451458261825098374webdriver-profile/extensions/fxdriver@googlecode.com/components/httpd.js:1677)
	at <anonymous class>.RequestReader.prototype._processBody(file:///C:/Users/PARASH~1/AppData/Local/Temp/anonymous8451458261825098374webdriver-profile/extensions/fxdriver@googlecode.com/components/httpd.js:1525)
	at <anonymous class>.RequestReader.prototype.onInputStreamReady(file:///C:/Users/PARASH~1/AppData/Local/Temp/anonymous8451458261825098374webdriver-profile/extensions/fxdriver@googlecode.com/components/httpd.js:1393)
]]>
    </failure>
  </testcase> <!-- test42_SaveTaxInformationDetails -->
  <testcase name="test0_landingPage" time="38.476" classname="com.provenir.automation.framework.testcases.Collateral360"/>
  <testcase name="test39_ClickTaxInformation" time="0.041" classname="com.provenir.automation.framework.testcases.Collateral360">
    <failure type="org.openqa.selenium.WebDriverException" message="Session not found: 06dc1c0c-5f65-4f4b-aa0d-856f3b08e9c5
Command duration or timeout: 16 milliseconds
Build info: version: &#039;2.46.0&#039;, revision: &#039;87c69e2&#039;, time: &#039;2015-06-04 16:17:10&#039;
System info: host: &#039;parasharb-w7&#039;, ip: &#039;172.27.103.103&#039;, os.name: &#039;Windows 7&#039;, os.arch: &#039;amd64&#039;, os.version: &#039;6.1&#039;, java.version: &#039;1.7.0_75&#039;
*** Element info: {Using=xpath, value=.//*[@id=&#039;coll360cSliderMenu&#039;]/div/ul/div[2]/li[3]/a}
Session ID: 06dc1c0c-5f65-4f4b-aa0d-856f3b08e9c5
Driver info: org.openqa.selenium.firefox.FirefoxDriver
Capabilities [{platform=WINDOWS, acceptSslCerts=true, javascriptEnabled=true, cssSelectorsEnabled=true, databaseEnabled=true, browserName=firefox, handlesAlerts=true, nativeEvents=false, webStorageEnabled=true, rotatable=false, locationContextEnabled=true, applicationCacheEnabled=true, takesScreenshot=true, version=42.0}]">
      <![CDATA[org.openqa.selenium.WebDriverException: Session not found: 06dc1c0c-5f65-4f4b-aa0d-856f3b08e9c5
Command duration or timeout: 16 milliseconds
Build info: version: '2.46.0', revision: '87c69e2', time: '2015-06-04 16:17:10'
System info: host: 'parasharb-w7', ip: '172.27.103.103', os.name: 'Windows 7', os.arch: 'amd64', os.version: '6.1', java.version: '1.7.0_75'
*** Element info: {Using=xpath, value=.//*[@id='coll360cSliderMenu']/div/ul/div[2]/li[3]/a}
Session ID: 06dc1c0c-5f65-4f4b-aa0d-856f3b08e9c5
Driver info: org.openqa.selenium.firefox.FirefoxDriver
Capabilities [{platform=WINDOWS, acceptSslCerts=true, javascriptEnabled=true, cssSelectorsEnabled=true, databaseEnabled=true, browserName=firefox, handlesAlerts=true, nativeEvents=false, webStorageEnabled=true, rotatable=false, locationContextEnabled=true, applicationCacheEnabled=true, takesScreenshot=true, version=42.0}]
	at sun.reflect.NativeConstructorAccessorImpl.newInstance0(Native Method)
	at sun.reflect.NativeConstructorAccessorImpl.newInstance(Unknown Source)
	at sun.reflect.DelegatingConstructorAccessorImpl.newInstance(Unknown Source)
	at java.lang.reflect.Constructor.newInstance(Unknown Source)
	at org.openqa.selenium.remote.ErrorHandler.createThrowable(ErrorHandler.java:204)
	at org.openqa.selenium.remote.ErrorHandler.throwIfResponseFailed(ErrorHandler.java:156)
	at org.openqa.selenium.remote.RemoteWebDriver.execute(RemoteWebDriver.java:605)
	at org.openqa.selenium.remote.RemoteWebDriver.findElement(RemoteWebDriver.java:358)
	at org.openqa.selenium.remote.RemoteWebDriver.findElementByXPath(RemoteWebDriver.java:455)
	at org.openqa.selenium.By$ByXPath.findElement(By.java:358)
	at org.openqa.selenium.remote.RemoteWebDriver.findElement(RemoteWebDriver.java:350)
	at org.openqa.selenium.support.pagefactory.DefaultElementLocator.findElement(DefaultElementLocator.java:69)
	at org.openqa.selenium.support.pagefactory.internal.LocatingElementHandler.invoke(LocatingElementHandler.java:38)
	at com.sun.proxy.$Proxy9.click(Unknown Source)
	at com.provenir.automation.framework.helper.Collateral360Helper.clickOnTaxInformation(Collateral360Helper.java:939)
	at com.provenir.automation.framework.testcases.Collateral360.test39_ClickTaxInformation(Collateral360.java:393)
	at sun.reflect.NativeMethodAccessorImpl.invoke0(Native Method)
	at sun.reflect.NativeMethodAccessorImpl.invoke(Unknown Source)
	at sun.reflect.DelegatingMethodAccessorImpl.invoke(Unknown Source)
	at java.lang.reflect.Method.invoke(Unknown Source)
	at org.testng.internal.MethodInvocationHelper.invokeMethod(MethodInvocationHelper.java:84)
	at org.testng.internal.Invoker.invokeMethod(Invoker.java:714)
	at org.testng.internal.Invoker.invokeTestMethod(Invoker.java:901)
	at org.testng.internal.Invoker.invokeTestMethods(Invoker.java:1231)
	at org.testng.internal.TestMethodWorker.invokeTestMethods(TestMethodWorker.java:127)
	at org.testng.internal.TestMethodWorker.run(TestMethodWorker.java:111)
	at org.testng.TestRunner.privateRun(TestRunner.java:767)
	at org.testng.TestRunner.run(TestRunner.java:617)
	at org.testng.SuiteRunner.runTest(SuiteRunner.java:334)
	at org.testng.SuiteRunner.access$000(SuiteRunner.java:37)
	at org.testng.SuiteRunner$SuiteWorker.run(SuiteRunner.java:368)
	at org.testng.internal.thread.ThreadUtil$2.call(ThreadUtil.java:64)
	at java.util.concurrent.FutureTask.run(Unknown Source)
	at java.util.concurrent.ThreadPoolExecutor.runWorker(Unknown Source)
	at java.util.concurrent.ThreadPoolExecutor$Worker.run(Unknown Source)
	at java.lang.Thread.run(Unknown Source)
Caused by: org.openqa.selenium.WebDriverException: Session not found: 06dc1c0c-5f65-4f4b-aa0d-856f3b08e9c5
Build info: version: '2.46.0', revision: '87c69e2', time: '2015-06-04 16:17:10'
System info: host: 'parasharb-w7', ip: '172.27.103.103', os.name: 'Windows 7', os.arch: 'amd64', os.version: '6.1', java.version: '1.7.0_75'
Driver info: driver.version: unknown
	at <anonymous class>.nsCommandProcessor.prototype.execute(file:///C:/Users/PARASH~1/AppData/Local/Temp/anonymous8451458261825098374webdriver-profile/extensions/fxdriver@googlecode.com/components/command-processor.js:12325)
	at <anonymous class>.Dispatcher.executeAs/<(file:///C:/Users/PARASH~1/AppData/Local/Temp/anonymous8451458261825098374webdriver-profile/extensions/fxdriver@googlecode.com/components/driver-component.js:9089)
	at <anonymous class>.Resource.prototype.handle(file:///C:/Users/PARASH~1/AppData/Local/Temp/anonymous8451458261825098374webdriver-profile/extensions/fxdriver@googlecode.com/components/driver-component.js:9236)
	at <anonymous class>.Dispatcher.prototype.dispatch(file:///C:/Users/PARASH~1/AppData/Local/Temp/anonymous8451458261825098374webdriver-profile/extensions/fxdriver@googlecode.com/components/driver-component.js:9183)
	at <anonymous class>.WebDriverServer/<.handle(file:///C:/Users/PARASH~1/AppData/Local/Temp/anonymous8451458261825098374webdriver-profile/extensions/fxdriver@googlecode.com/components/driver-component.js:12136)
	at <anonymous class>.createHandlerFunc/<(file:///C:/Users/PARASH~1/AppData/Local/Temp/anonymous8451458261825098374webdriver-profile/extensions/fxdriver@googlecode.com/components/httpd.js:2054)
	at <anonymous class>.ServerHandler.prototype.handleResponse(file:///C:/Users/PARASH~1/AppData/Local/Temp/anonymous8451458261825098374webdriver-profile/extensions/fxdriver@googlecode.com/components/httpd.js:2387)
	at <anonymous class>.Connection.prototype.process(file:///C:/Users/PARASH~1/AppData/Local/Temp/anonymous8451458261825098374webdriver-profile/extensions/fxdriver@googlecode.com/components/httpd.js:1223)
	at <anonymous class>.RequestReader.prototype._handleResponse(file:///C:/Users/PARASH~1/AppData/Local/Temp/anonymous8451458261825098374webdriver-profile/extensions/fxdriver@googlecode.com/components/httpd.js:1677)
	at <anonymous class>.RequestReader.prototype._processBody(file:///C:/Users/PARASH~1/AppData/Local/Temp/anonymous8451458261825098374webdriver-profile/extensions/fxdriver@googlecode.com/components/httpd.js:1525)
	at <anonymous class>.RequestReader.prototype.onInputStreamReady(file:///C:/Users/PARASH~1/AppData/Local/Temp/anonymous8451458261825098374webdriver-profile/extensions/fxdriver@googlecode.com/components/httpd.js:1393)
]]>
    </failure>
  </testcase> <!-- test39_ClickTaxInformation -->
  <testcase name="test37_goToCollateralPool" time="40.678" classname="com.provenir.automation.framework.testcases.Collateral360"/>
  <testcase name="test40_AddTaxInformation" time="0.061" classname="com.provenir.automation.framework.testcases.Collateral360">
    <failure type="org.openqa.selenium.WebDriverException" message="Session not found: 06dc1c0c-5f65-4f4b-aa0d-856f3b08e9c5
Command duration or timeout: 26 milliseconds
Build info: version: &#039;2.46.0&#039;, revision: &#039;87c69e2&#039;, time: &#039;2015-06-04 16:17:10&#039;
System info: host: &#039;parasharb-w7&#039;, ip: &#039;172.27.103.103&#039;, os.name: &#039;Windows 7&#039;, os.arch: &#039;amd64&#039;, os.version: &#039;6.1&#039;, java.version: &#039;1.7.0_75&#039;
*** Element info: {Using=id, value=addTax}
Session ID: 06dc1c0c-5f65-4f4b-aa0d-856f3b08e9c5
Driver info: org.openqa.selenium.firefox.FirefoxDriver
Capabilities [{platform=WINDOWS, acceptSslCerts=true, javascriptEnabled=true, cssSelectorsEnabled=true, databaseEnabled=true, browserName=firefox, handlesAlerts=true, nativeEvents=false, webStorageEnabled=true, rotatable=false, locationContextEnabled=true, applicationCacheEnabled=true, takesScreenshot=true, version=42.0}]">
      <![CDATA[org.openqa.selenium.WebDriverException: Session not found: 06dc1c0c-5f65-4f4b-aa0d-856f3b08e9c5
Command duration or timeout: 26 milliseconds
Build info: version: '2.46.0', revision: '87c69e2', time: '2015-06-04 16:17:10'
System info: host: 'parasharb-w7', ip: '172.27.103.103', os.name: 'Windows 7', os.arch: 'amd64', os.version: '6.1', java.version: '1.7.0_75'
*** Element info: {Using=id, value=addTax}
Session ID: 06dc1c0c-5f65-4f4b-aa0d-856f3b08e9c5
Driver info: org.openqa.selenium.firefox.FirefoxDriver
Capabilities [{platform=WINDOWS, acceptSslCerts=true, javascriptEnabled=true, cssSelectorsEnabled=true, databaseEnabled=true, browserName=firefox, handlesAlerts=true, nativeEvents=false, webStorageEnabled=true, rotatable=false, locationContextEnabled=true, applicationCacheEnabled=true, takesScreenshot=true, version=42.0}]
	at sun.reflect.NativeConstructorAccessorImpl.newInstance0(Native Method)
	at sun.reflect.NativeConstructorAccessorImpl.newInstance(Unknown Source)
	at sun.reflect.DelegatingConstructorAccessorImpl.newInstance(Unknown Source)
	at java.lang.reflect.Constructor.newInstance(Unknown Source)
	at org.openqa.selenium.remote.ErrorHandler.createThrowable(ErrorHandler.java:204)
	at org.openqa.selenium.remote.ErrorHandler.throwIfResponseFailed(ErrorHandler.java:156)
	at org.openqa.selenium.remote.RemoteWebDriver.execute(RemoteWebDriver.java:605)
	at org.openqa.selenium.remote.RemoteWebDriver.findElement(RemoteWebDriver.java:358)
	at org.openqa.selenium.remote.RemoteWebDriver.findElementById(RemoteWebDriver.java:399)
	at org.openqa.selenium.By$ById.findElement(By.java:215)
	at org.openqa.selenium.remote.RemoteWebDriver.findElement(RemoteWebDriver.java:350)
	at org.openqa.selenium.support.pagefactory.DefaultElementLocator.findElement(DefaultElementLocator.java:69)
	at org.openqa.selenium.support.pagefactory.internal.LocatingElementHandler.invoke(LocatingElementHandler.java:38)
	at com.sun.proxy.$Proxy9.click(Unknown Source)
	at com.provenir.automation.framework.helper.Collateral360Helper.ClickonAddTax(Collateral360Helper.java:1282)
	at com.provenir.automation.framework.testcases.Collateral360.test40_AddTaxInformation(Collateral360.java:400)
	at sun.reflect.NativeMethodAccessorImpl.invoke0(Native Method)
	at sun.reflect.NativeMethodAccessorImpl.invoke(Unknown Source)
	at sun.reflect.DelegatingMethodAccessorImpl.invoke(Unknown Source)
	at java.lang.reflect.Method.invoke(Unknown Source)
	at org.testng.internal.MethodInvocationHelper.invokeMethod(MethodInvocationHelper.java:84)
	at org.testng.internal.Invoker.invokeMethod(Invoker.java:714)
	at org.testng.internal.Invoker.invokeTestMethod(Invoker.java:901)
	at org.testng.internal.Invoker.invokeTestMethods(Invoker.java:1231)
	at org.testng.internal.TestMethodWorker.invokeTestMethods(TestMethodWorker.java:127)
	at org.testng.internal.TestMethodWorker.run(TestMethodWorker.java:111)
	at org.testng.TestRunner.privateRun(TestRunner.java:767)
	at org.testng.TestRunner.run(TestRunner.java:617)
	at org.testng.SuiteRunner.runTest(SuiteRunner.java:334)
	at org.testng.SuiteRunner.access$000(SuiteRunner.java:37)
	at org.testng.SuiteRunner$SuiteWorker.run(SuiteRunner.java:368)
	at org.testng.internal.thread.ThreadUtil$2.call(ThreadUtil.java:64)
	at java.util.concurrent.FutureTask.run(Unknown Source)
	at java.util.concurrent.ThreadPoolExecutor.runWorker(Unknown Source)
	at java.util.concurrent.ThreadPoolExecutor$Worker.run(Unknown Source)
	at java.lang.Thread.run(Unknown Source)
Caused by: org.openqa.selenium.WebDriverException: Session not found: 06dc1c0c-5f65-4f4b-aa0d-856f3b08e9c5
Build info: version: '2.46.0', revision: '87c69e2', time: '2015-06-04 16:17:10'
System info: host: 'parasharb-w7', ip: '172.27.103.103', os.name: 'Windows 7', os.arch: 'amd64', os.version: '6.1', java.version: '1.7.0_75'
Driver info: driver.version: unknown
	at <anonymous class>.nsCommandProcessor.prototype.execute(file:///C:/Users/PARASH~1/AppData/Local/Temp/anonymous8451458261825098374webdriver-profile/extensions/fxdriver@googlecode.com/components/command-processor.js:12325)
	at <anonymous class>.Dispatcher.executeAs/<(file:///C:/Users/PARASH~1/AppData/Local/Temp/anonymous8451458261825098374webdriver-profile/extensions/fxdriver@googlecode.com/components/driver-component.js:9089)
	at <anonymous class>.Resource.prototype.handle(file:///C:/Users/PARASH~1/AppData/Local/Temp/anonymous8451458261825098374webdriver-profile/extensions/fxdriver@googlecode.com/components/driver-component.js:9236)
	at <anonymous class>.Dispatcher.prototype.dispatch(file:///C:/Users/PARASH~1/AppData/Local/Temp/anonymous8451458261825098374webdriver-profile/extensions/fxdriver@googlecode.com/components/driver-component.js:9183)
	at <anonymous class>.WebDriverServer/<.handle(file:///C:/Users/PARASH~1/AppData/Local/Temp/anonymous8451458261825098374webdriver-profile/extensions/fxdriver@googlecode.com/components/driver-component.js:12136)
	at <anonymous class>.createHandlerFunc/<(file:///C:/Users/PARASH~1/AppData/Local/Temp/anonymous8451458261825098374webdriver-profile/extensions/fxdriver@googlecode.com/components/httpd.js:2054)
	at <anonymous class>.ServerHandler.prototype.handleResponse(file:///C:/Users/PARASH~1/AppData/Local/Temp/anonymous8451458261825098374webdriver-profile/extensions/fxdriver@googlecode.com/components/httpd.js:2387)
	at <anonymous class>.Connection.prototype.process(file:///C:/Users/PARASH~1/AppData/Local/Temp/anonymous8451458261825098374webdriver-profile/extensions/fxdriver@googlecode.com/components/httpd.js:1223)
	at <anonymous class>.RequestReader.prototype._handleResponse(file:///C:/Users/PARASH~1/AppData/Local/Temp/anonymous8451458261825098374webdriver-profile/extensions/fxdriver@googlecode.com/components/httpd.js:1677)
	at <anonymous class>.RequestReader.prototype._processBody(file:///C:/Users/PARASH~1/AppData/Local/Temp/anonymous8451458261825098374webdriver-profile/extensions/fxdriver@googlecode.com/components/httpd.js:1525)
	at <anonymous class>.RequestReader.prototype.onInputStreamReady(file:///C:/Users/PARASH~1/AppData/Local/Temp/anonymous8451458261825098374webdriver-profile/extensions/fxdriver@googlecode.com/components/httpd.js:1393)
]]>
    </failure>
  </testcase> <!-- test40_AddTaxInformation -->
  <testcase name="test41_verifyErrorMsgTaxApnDetails" time="0.022" classname="com.provenir.automation.framework.testcases.Collateral360">
    <failure type="org.openqa.selenium.WebDriverException" message="Session not found: 06dc1c0c-5f65-4f4b-aa0d-856f3b08e9c5
Command duration or timeout: 9 milliseconds
Build info: version: &#039;2.46.0&#039;, revision: &#039;87c69e2&#039;, time: &#039;2015-06-04 16:17:10&#039;
System info: host: &#039;parasharb-w7&#039;, ip: &#039;172.27.103.103&#039;, os.name: &#039;Windows 7&#039;, os.arch: &#039;amd64&#039;, os.version: &#039;6.1&#039;, java.version: &#039;1.7.0_75&#039;
*** Element info: {Using=id, value=savetaxapndetails}
Session ID: 06dc1c0c-5f65-4f4b-aa0d-856f3b08e9c5
Driver info: org.openqa.selenium.firefox.FirefoxDriver
Capabilities [{platform=WINDOWS, acceptSslCerts=true, javascriptEnabled=true, cssSelectorsEnabled=true, databaseEnabled=true, browserName=firefox, handlesAlerts=true, nativeEvents=false, webStorageEnabled=true, rotatable=false, locationContextEnabled=true, applicationCacheEnabled=true, takesScreenshot=true, version=42.0}]">
      <![CDATA[org.openqa.selenium.WebDriverException: Session not found: 06dc1c0c-5f65-4f4b-aa0d-856f3b08e9c5
Command duration or timeout: 9 milliseconds
Build info: version: '2.46.0', revision: '87c69e2', time: '2015-06-04 16:17:10'
System info: host: 'parasharb-w7', ip: '172.27.103.103', os.name: 'Windows 7', os.arch: 'amd64', os.version: '6.1', java.version: '1.7.0_75'
*** Element info: {Using=id, value=savetaxapndetails}
Session ID: 06dc1c0c-5f65-4f4b-aa0d-856f3b08e9c5
Driver info: org.openqa.selenium.firefox.FirefoxDriver
Capabilities [{platform=WINDOWS, acceptSslCerts=true, javascriptEnabled=true, cssSelectorsEnabled=true, databaseEnabled=true, browserName=firefox, handlesAlerts=true, nativeEvents=false, webStorageEnabled=true, rotatable=false, locationContextEnabled=true, applicationCacheEnabled=true, takesScreenshot=true, version=42.0}]
	at sun.reflect.NativeConstructorAccessorImpl.newInstance0(Native Method)
	at sun.reflect.NativeConstructorAccessorImpl.newInstance(Unknown Source)
	at sun.reflect.DelegatingConstructorAccessorImpl.newInstance(Unknown Source)
	at java.lang.reflect.Constructor.newInstance(Unknown Source)
	at org.openqa.selenium.remote.ErrorHandler.createThrowable(ErrorHandler.java:204)
	at org.openqa.selenium.remote.ErrorHandler.throwIfResponseFailed(ErrorHandler.java:156)
	at org.openqa.selenium.remote.RemoteWebDriver.execute(RemoteWebDriver.java:605)
	at org.openqa.selenium.remote.RemoteWebDriver.findElement(RemoteWebDriver.java:358)
	at org.openqa.selenium.remote.RemoteWebDriver.findElementById(RemoteWebDriver.java:399)
	at org.openqa.selenium.By$ById.findElement(By.java:215)
	at org.openqa.selenium.remote.RemoteWebDriver.findElement(RemoteWebDriver.java:350)
	at org.openqa.selenium.support.pagefactory.DefaultElementLocator.findElement(DefaultElementLocator.java:69)
	at org.openqa.selenium.support.pagefactory.internal.LocatingElementHandler.invoke(LocatingElementHandler.java:38)
	at com.sun.proxy.$Proxy9.click(Unknown Source)
	at com.provenir.automation.framework.helper.Collateral360Helper.SaveTaxApnDetails(Collateral360Helper.java:1292)
	at com.provenir.automation.framework.testcases.Collateral360.test41_verifyErrorMsgTaxApnDetails(Collateral360.java:405)
	at sun.reflect.NativeMethodAccessorImpl.invoke0(Native Method)
	at sun.reflect.NativeMethodAccessorImpl.invoke(Unknown Source)
	at sun.reflect.DelegatingMethodAccessorImpl.invoke(Unknown Source)
	at java.lang.reflect.Method.invoke(Unknown Source)
	at org.testng.internal.MethodInvocationHelper.invokeMethod(MethodInvocationHelper.java:84)
	at org.testng.internal.Invoker.invokeMethod(Invoker.java:714)
	at org.testng.internal.Invoker.invokeTestMethod(Invoker.java:901)
	at org.testng.internal.Invoker.invokeTestMethods(Invoker.java:1231)
	at org.testng.internal.TestMethodWorker.invokeTestMethods(TestMethodWorker.java:127)
	at org.testng.internal.TestMethodWorker.run(TestMethodWorker.java:111)
	at org.testng.TestRunner.privateRun(TestRunner.java:767)
	at org.testng.TestRunner.run(TestRunner.java:617)
	at org.testng.SuiteRunner.runTest(SuiteRunner.java:334)
	at org.testng.SuiteRunner.access$000(SuiteRunner.java:37)
	at org.testng.SuiteRunner$SuiteWorker.run(SuiteRunner.java:368)
	at org.testng.internal.thread.ThreadUtil$2.call(ThreadUtil.java:64)
	at java.util.concurrent.FutureTask.run(Unknown Source)
	at java.util.concurrent.ThreadPoolExecutor.runWorker(Unknown Source)
	at java.util.concurrent.ThreadPoolExecutor$Worker.run(Unknown Source)
	at java.lang.Thread.run(Unknown Source)
Caused by: org.openqa.selenium.WebDriverException: Session not found: 06dc1c0c-5f65-4f4b-aa0d-856f3b08e9c5
Build info: version: '2.46.0', revision: '87c69e2', time: '2015-06-04 16:17:10'
System info: host: 'parasharb-w7', ip: '172.27.103.103', os.name: 'Windows 7', os.arch: 'amd64', os.version: '6.1', java.version: '1.7.0_75'
Driver info: driver.version: unknown
	at <anonymous class>.nsCommandProcessor.prototype.execute(file:///C:/Users/PARASH~1/AppData/Local/Temp/anonymous8451458261825098374webdriver-profile/extensions/fxdriver@googlecode.com/components/command-processor.js:12325)
	at <anonymous class>.Dispatcher.executeAs/<(file:///C:/Users/PARASH~1/AppData/Local/Temp/anonymous8451458261825098374webdriver-profile/extensions/fxdriver@googlecode.com/components/driver-component.js:9089)
	at <anonymous class>.Resource.prototype.handle(file:///C:/Users/PARASH~1/AppData/Local/Temp/anonymous8451458261825098374webdriver-profile/extensions/fxdriver@googlecode.com/components/driver-component.js:9236)
	at <anonymous class>.Dispatcher.prototype.dispatch(file:///C:/Users/PARASH~1/AppData/Local/Temp/anonymous8451458261825098374webdriver-profile/extensions/fxdriver@googlecode.com/components/driver-component.js:9183)
	at <anonymous class>.WebDriverServer/<.handle(file:///C:/Users/PARASH~1/AppData/Local/Temp/anonymous8451458261825098374webdriver-profile/extensions/fxdriver@googlecode.com/components/driver-component.js:12136)
	at <anonymous class>.createHandlerFunc/<(file:///C:/Users/PARASH~1/AppData/Local/Temp/anonymous8451458261825098374webdriver-profile/extensions/fxdriver@googlecode.com/components/httpd.js:2054)
	at <anonymous class>.ServerHandler.prototype.handleResponse(file:///C:/Users/PARASH~1/AppData/Local/Temp/anonymous8451458261825098374webdriver-profile/extensions/fxdriver@googlecode.com/components/httpd.js:2387)
	at <anonymous class>.Connection.prototype.process(file:///C:/Users/PARASH~1/AppData/Local/Temp/anonymous8451458261825098374webdriver-profile/extensions/fxdriver@googlecode.com/components/httpd.js:1223)
	at <anonymous class>.RequestReader.prototype._handleResponse(file:///C:/Users/PARASH~1/AppData/Local/Temp/anonymous8451458261825098374webdriver-profile/extensions/fxdriver@googlecode.com/components/httpd.js:1677)
	at <anonymous class>.RequestReader.prototype._processBody(file:///C:/Users/PARASH~1/AppData/Local/Temp/anonymous8451458261825098374webdriver-profile/extensions/fxdriver@googlecode.com/components/httpd.js:1525)
	at <anonymous class>.RequestReader.prototype.onInputStreamReady(file:///C:/Users/PARASH~1/AppData/Local/Temp/anonymous8451458261825098374webdriver-profile/extensions/fxdriver@googlecode.com/components/httpd.js:1393)
]]>
    </failure>
  </testcase> <!-- test41_verifyErrorMsgTaxApnDetails -->
  <testcase name="test38_saveCollateralDetailsAsRealState" time="258888.891" classname="com.provenir.automation.framework.testcases.Collateral360">
    <failure type="org.openqa.selenium.WebDriverException" message="Session not found: 06dc1c0c-5f65-4f4b-aa0d-856f3b08e9c5
Command duration or timeout: 34 milliseconds
Build info: version: &#039;2.46.0&#039;, revision: &#039;87c69e2&#039;, time: &#039;2015-06-04 16:17:10&#039;
System info: host: &#039;parasharb-w7&#039;, ip: &#039;172.27.103.103&#039;, os.name: &#039;Windows 7&#039;, os.arch: &#039;amd64&#039;, os.version: &#039;6.1&#039;, java.version: &#039;1.7.0_75&#039;
*** Element info: {Using=id, value=ownOccflg}
Session ID: 06dc1c0c-5f65-4f4b-aa0d-856f3b08e9c5
Driver info: org.openqa.selenium.firefox.FirefoxDriver
Capabilities [{platform=WINDOWS, acceptSslCerts=true, javascriptEnabled=true, cssSelectorsEnabled=true, databaseEnabled=true, browserName=firefox, handlesAlerts=true, nativeEvents=false, webStorageEnabled=true, rotatable=false, locationContextEnabled=true, applicationCacheEnabled=true, takesScreenshot=true, version=42.0}]">
      <![CDATA[org.openqa.selenium.WebDriverException: Session not found: 06dc1c0c-5f65-4f4b-aa0d-856f3b08e9c5
Command duration or timeout: 34 milliseconds
Build info: version: '2.46.0', revision: '87c69e2', time: '2015-06-04 16:17:10'
System info: host: 'parasharb-w7', ip: '172.27.103.103', os.name: 'Windows 7', os.arch: 'amd64', os.version: '6.1', java.version: '1.7.0_75'
*** Element info: {Using=id, value=ownOccflg}
Session ID: 06dc1c0c-5f65-4f4b-aa0d-856f3b08e9c5
Driver info: org.openqa.selenium.firefox.FirefoxDriver
Capabilities [{platform=WINDOWS, acceptSslCerts=true, javascriptEnabled=true, cssSelectorsEnabled=true, databaseEnabled=true, browserName=firefox, handlesAlerts=true, nativeEvents=false, webStorageEnabled=true, rotatable=false, locationContextEnabled=true, applicationCacheEnabled=true, takesScreenshot=true, version=42.0}]
	at sun.reflect.NativeConstructorAccessorImpl.newInstance0(Native Method)
	at sun.reflect.NativeConstructorAccessorImpl.newInstance(Unknown Source)
	at sun.reflect.DelegatingConstructorAccessorImpl.newInstance(Unknown Source)
	at java.lang.reflect.Constructor.newInstance(Unknown Source)
	at org.openqa.selenium.remote.ErrorHandler.createThrowable(ErrorHandler.java:204)
	at org.openqa.selenium.remote.ErrorHandler.throwIfResponseFailed(ErrorHandler.java:156)
	at org.openqa.selenium.remote.RemoteWebDriver.execute(RemoteWebDriver.java:605)
	at org.openqa.selenium.remote.RemoteWebDriver.findElement(RemoteWebDriver.java:358)
	at org.openqa.selenium.remote.RemoteWebDriver.findElementById(RemoteWebDriver.java:399)
	at org.openqa.selenium.By$ById.findElement(By.java:215)
	at org.openqa.selenium.remote.RemoteWebDriver.findElement(RemoteWebDriver.java:350)
	at org.openqa.selenium.support.pagefactory.DefaultElementLocator.findElement(DefaultElementLocator.java:69)
	at org.openqa.selenium.support.pagefactory.internal.LocatingElementHandler.invoke(LocatingElementHandler.java:38)
	at com.sun.proxy.$Proxy9.click(Unknown Source)
	at com.provenir.automation.framework.helper.Collateral360Helper.OwnerOccupancyAndOccupancyofRent(Collateral360Helper.java:584)
	at com.provenir.automation.framework.testcases.Collateral360.test38_saveCollateralDetailsAsRealState(Collateral360.java:380)
	at sun.reflect.NativeMethodAccessorImpl.invoke0(Native Method)
	at sun.reflect.NativeMethodAccessorImpl.invoke(Unknown Source)
	at sun.reflect.DelegatingMethodAccessorImpl.invoke(Unknown Source)
	at java.lang.reflect.Method.invoke(Unknown Source)
	at org.testng.internal.MethodInvocationHelper.invokeMethod(MethodInvocationHelper.java:84)
	at org.testng.internal.Invoker.invokeMethod(Invoker.java:714)
	at org.testng.internal.Invoker.invokeTestMethod(Invoker.java:901)
	at org.testng.internal.Invoker.invokeTestMethods(Invoker.java:1231)
	at org.testng.internal.TestMethodWorker.invokeTestMethods(TestMethodWorker.java:127)
	at org.testng.internal.TestMethodWorker.run(TestMethodWorker.java:111)
	at org.testng.TestRunner.privateRun(TestRunner.java:767)
	at org.testng.TestRunner.run(TestRunner.java:617)
	at org.testng.SuiteRunner.runTest(SuiteRunner.java:334)
	at org.testng.SuiteRunner.access$000(SuiteRunner.java:37)
	at org.testng.SuiteRunner$SuiteWorker.run(SuiteRunner.java:368)
	at org.testng.internal.thread.ThreadUtil$2.call(ThreadUtil.java:64)
	at java.util.concurrent.FutureTask.run(Unknown Source)
	at java.util.concurrent.ThreadPoolExecutor.runWorker(Unknown Source)
	at java.util.concurrent.ThreadPoolExecutor$Worker.run(Unknown Source)
	at java.lang.Thread.run(Unknown Source)
Caused by: org.openqa.selenium.WebDriverException: Session not found: 06dc1c0c-5f65-4f4b-aa0d-856f3b08e9c5
Build info: version: '2.46.0', revision: '87c69e2', time: '2015-06-04 16:17:10'
System info: host: 'parasharb-w7', ip: '172.27.103.103', os.name: 'Windows 7', os.arch: 'amd64', os.version: '6.1', java.version: '1.7.0_75'
Driver info: driver.version: unknown
	at <anonymous class>.nsCommandProcessor.prototype.execute(file:///C:/Users/PARASH~1/AppData/Local/Temp/anonymous8451458261825098374webdriver-profile/extensions/fxdriver@googlecode.com/components/command-processor.js:12325)
	at <anonymous class>.Dispatcher.executeAs/<(file:///C:/Users/PARASH~1/AppData/Local/Temp/anonymous8451458261825098374webdriver-profile/extensions/fxdriver@googlecode.com/components/driver-component.js:9089)
	at <anonymous class>.Resource.prototype.handle(file:///C:/Users/PARASH~1/AppData/Local/Temp/anonymous8451458261825098374webdriver-profile/extensions/fxdriver@googlecode.com/components/driver-component.js:9236)
	at <anonymous class>.Dispatcher.prototype.dispatch(file:///C:/Users/PARASH~1/AppData/Local/Temp/anonymous8451458261825098374webdriver-profile/extensions/fxdriver@googlecode.com/components/driver-component.js:9183)
	at <anonymous class>.WebDriverServer/<.handle(file:///C:/Users/PARASH~1/AppData/Local/Temp/anonymous8451458261825098374webdriver-profile/extensions/fxdriver@googlecode.com/components/driver-component.js:12136)
	at <anonymous class>.createHandlerFunc/<(file:///C:/Users/PARASH~1/AppData/Local/Temp/anonymous8451458261825098374webdriver-profile/extensions/fxdriver@googlecode.com/components/httpd.js:2054)
	at <anonymous class>.ServerHandler.prototype.handleResponse(file:///C:/Users/PARASH~1/AppData/Local/Temp/anonymous8451458261825098374webdriver-profile/extensions/fxdriver@googlecode.com/components/httpd.js:2387)
	at <anonymous class>.Connection.prototype.process(file:///C:/Users/PARASH~1/AppData/Local/Temp/anonymous8451458261825098374webdriver-profile/extensions/fxdriver@googlecode.com/components/httpd.js:1223)
	at <anonymous class>.RequestReader.prototype._handleResponse(file:///C:/Users/PARASH~1/AppData/Local/Temp/anonymous8451458261825098374webdriver-profile/extensions/fxdriver@googlecode.com/components/httpd.js:1677)
	at <anonymous class>.RequestReader.prototype._processBody(file:///C:/Users/PARASH~1/AppData/Local/Temp/anonymous8451458261825098374webdriver-profile/extensions/fxdriver@googlecode.com/components/httpd.js:1525)
	at <anonymous class>.RequestReader.prototype.onInputStreamReady(file:///C:/Users/PARASH~1/AppData/Local/Temp/anonymous8451458261825098374webdriver-profile/extensions/fxdriver@googlecode.com/components/httpd.js:1393)
]]>
    </failure>
  </testcase> <!-- test38_saveCollateralDetailsAsRealState -->
</testsuite> <!-- com.provenir.automation.framework.testcases.Collateral360 -->
