<?xml version="1.0" encoding="UTF-8"?>
<!-- Generated by org.testng.reporters.JUnitReportReporter -->
<testsuite hostname="parasharb-w7" name="com.provenir.automation.framework.testcases.FacilityLevelWorkflow" tests="26" failures="1" timestamp="28 Dec 2015 09:51:04 GMT" time="628.939" errors="0">
  <testcase name="test15_clickTransactionInfoPage" time="35.509" classname="com.provenir.automation.framework.testcases.FacilityLevelWorkflow"/>
  <testcase name="test30_expandReqAndGotoFacility360" time="29.367" classname="com.provenir.automation.framework.testcases.FacilityLevelWorkflow"/>
  <testcase name="test12_clickNewCreditRequest" time="24.346" classname="com.provenir.automation.framework.testcases.FacilityLevelWorkflow"/>
  <testcase name="test29_verifyWorkflowDDLReadOnlyWhenEdit" time="2.487" classname="com.provenir.automation.framework.testcases.FacilityLevelWorkflow"/>
  <testcase name="test20_verifyTaskManagementSection" time="23.952" classname="com.provenir.automation.framework.testcases.FacilityLevelWorkflow">
    <failure type="java.lang.NullPointerException">
      <![CDATA[java.lang.NullPointerException
	at com.provenir.automation.framework.helper.Credit360Helper.clickActionColumnAndVerifyAddedWorkflow(Credit360Helper.java:142)
	at com.provenir.automation.framework.testcases.FacilityLevelWorkflow.test20_verifyTaskManagementSection(FacilityLevelWorkflow.java:249)
	at sun.reflect.NativeMethodAccessorImpl.invoke0(Native Method)
	at sun.reflect.NativeMethodAccessorImpl.invoke(Unknown Source)
	at sun.reflect.DelegatingMethodAccessorImpl.invoke(Unknown Source)
	at java.lang.reflect.Method.invoke(Unknown Source)
	at org.testng.internal.MethodInvocationHelper.invokeMethod(MethodInvocationHelper.java:84)
	at org.testng.internal.Invoker.invokeMethod(Invoker.java:714)
	at org.testng.internal.Invoker.invokeTestMethod(Invoker.java:901)
	at org.testng.internal.Invoker.invokeTestMethods(Invoker.java:1231)
	at org.testng.internal.TestMethodWorker.invokeTestMethods(TestMethodWorker.java:127)
	at org.testng.internal.TestMethodWorker.run(TestMethodWorker.java:111)
	at org.testng.TestRunner.privateRun(TestRunner.java:767)
	at org.testng.TestRunner.run(TestRunner.java:617)
	at org.testng.SuiteRunner.runTest(SuiteRunner.java:334)
	at org.testng.SuiteRunner.access$000(SuiteRunner.java:37)
	at org.testng.SuiteRunner$SuiteWorker.run(SuiteRunner.java:368)
	at org.testng.internal.thread.ThreadUtil$2.call(ThreadUtil.java:64)
	at java.util.concurrent.FutureTask.run(Unknown Source)
	at java.util.concurrent.ThreadPoolExecutor.runWorker(Unknown Source)
	at java.util.concurrent.ThreadPoolExecutor$Worker.run(Unknown Source)
	at java.lang.Thread.run(Unknown Source)
]]>
    </failure>
  </testcase> <!-- test20_verifyTaskManagementSection -->
  <testcase name="test18_gotoHomePage" time="8.208" classname="com.provenir.automation.framework.testcases.FacilityLevelWorkflow"/>
  <testcase name="test24_gotoFacility360" time="39.147" classname="com.provenir.automation.framework.testcases.FacilityLevelWorkflow"/>
  <testcase name="test21_gotoFacility360" time="47.549" classname="com.provenir.automation.framework.testcases.FacilityLevelWorkflow"/>
  <testcase name="test26_triggerFacilityWorkflow" time="4.718" classname="com.provenir.automation.framework.testcases.FacilityLevelWorkflow"/>
  <testcase name="test16_verifyDefaultFacilityLevelWorkflow" time="9.894" classname="com.provenir.automation.framework.testcases.FacilityLevelWorkflow"/>
  <testcase name="test19_searchRequest" time="25.883" classname="com.provenir.automation.framework.testcases.FacilityLevelWorkflow"/>
  <testcase name="test17_verifysavedFacilityWorkflow" time="18.708" classname="com.provenir.automation.framework.testcases.FacilityLevelWorkflow"/>
  <testcase name="test22_verifyTaskManagementLoadedOnFacility360" time="13.755" classname="com.provenir.automation.framework.testcases.FacilityLevelWorkflow"/>
  <testcase name="test3_verifyMandatoryDetailsOnManageWorkflow" time="32.417" classname="com.provenir.automation.framework.testcases.FacilityLevelWorkflow"/>
  <testcase name="test1_verifyResultsAccToWorkflowType" time="28.602" classname="com.provenir.automation.framework.testcases.FacilityLevelWorkflow"/>
  <testcase name="test31_deleteFacility" time="30.967" classname="com.provenir.automation.framework.testcases.FacilityLevelWorkflow"/>
  <testcase name="test25_verifyTaskManagementLoadedOnFacility360" time="17.206" classname="com.provenir.automation.framework.testcases.FacilityLevelWorkflow"/>
  <testcase name="test13_verifyDefaultCreditLevelWorkflow" time="10.768" classname="com.provenir.automation.framework.testcases.FacilityLevelWorkflow"/>
  <testcase name="test14_verifySavedWorkflow" time="25.287" classname="com.provenir.automation.framework.testcases.FacilityLevelWorkflow"/>
  <testcase name="test32_VerifyAssociatedWorkflowIsDeletedOrNot" time="23.443" classname="com.provenir.automation.framework.testcases.FacilityLevelWorkflow"/>
  <testcase name="test27_verifyWorkflowOrderInCredit360" time="38.968" classname="com.provenir.automation.framework.testcases.FacilityLevelWorkflow"/>
  <testcase name="test28_gotoMyRequestPage" time="30.463" classname="com.provenir.automation.framework.testcases.FacilityLevelWorkflow"/>
  <testcase name="landingPage" time="67.501" classname="com.provenir.automation.framework.testcases.FacilityLevelWorkflow"/>
  <testcase name="test23_verifyNoWorkflowIsDisplayedInTaskMgmtOfFacility360" time="3.323" classname="com.provenir.automation.framework.testcases.FacilityLevelWorkflow"/>
  <testcase name="test11_goToHomePage" time="10.189" classname="com.provenir.automation.framework.testcases.FacilityLevelWorkflow"/>
  <testcase name="test2_clickOnAddBtnOfWorkflowSummary" time="26.282" classname="com.provenir.automation.framework.testcases.FacilityLevelWorkflow"/>
</testsuite> <!-- com.provenir.automation.framework.testcases.FacilityLevelWorkflow -->
