<?xml version="1.0" encoding="UTF-8"?>
<!-- Generated by org.testng.reporters.JUnitReportReporter -->
<testsuite hostname="pbajpai" name="com.provenir.automation.framework.testcases.Customer360" tests="3" failures="0" timestamp="11 Sep 2015 17:18:16 GMT" time="121.604" errors="0">
  <testcase name="test3_saveAddress" time="71.332" classname="com.provenir.automation.framework.testcases.Customer360"/>
  <testcase name="test2_verifyAddressTitle" time="0.143" classname="com.provenir.automation.framework.testcases.Customer360"/>
  <testcase name="test1_gotoCustomer360" time="50.129" classname="com.provenir.automation.framework.testcases.Customer360"/>
</testsuite> <!-- com.provenir.automation.framework.testcases.Customer360 -->
