<?xml version="1.0" encoding="UTF-8"?>
<!-- Generated by org.testng.reporters.JUnitReportReporter -->
<testsuite hostname="pbajpai" name="com.provenir.automation.framework.testcases.Collateral360" tests="4" failures="0" timestamp="10 Sep 2015 09:39:45 GMT" time="137.037" errors="0">
  <testcase name="test3_saveCollateralDetails" time="60.742" classname="com.provenir.automation.framework.testcases.Collateral360"/>
  <testcase name="test1_gotoCollateral360" time="55.700" classname="com.provenir.automation.framework.testcases.Collateral360"/>
  <testcase name="test_new_page_by_madhu" time="5.047" classname="com.provenir.automation.framework.testcases.Collateral360"/>
  <testcase name="test2_verifyCollateralTitle" time="15.548" classname="com.provenir.automation.framework.testcases.Collateral360"/>
</testsuite> <!-- com.provenir.automation.framework.testcases.Collateral360 -->
