<?xml version="1.0" encoding="UTF-8"?>
<!-- Generated by org.testng.reporters.JUnitReportReporter -->
<testsuite hostname="pbajpai" name="com.provenir.automation.framework.testcases.Collateral360" tests="4" failures="0" timestamp="10 Sep 2015 01:20:50 GMT" time="131.072" errors="0">
  <testcase name="pre_TESTtest1_login" time="33.692" classname="com.provenir.automation.framework.testcases.Collateral360"/>
  <testcase name="test_new_page_by_madhu" time="5.111" classname="com.provenir.automation.framework.testcases.Collateral360"/>
  <testcase name="test2_verifyCollateralTitle" time="30.132" classname="com.provenir.automation.framework.testcases.Collateral360"/>
  <testcase name="test3_saveCollateralDetails" time="62.137" classname="com.provenir.automation.framework.testcases.Collateral360"/>
</testsuite> <!-- com.provenir.automation.framework.testcases.Collateral360 -->
