<?xml version="1.0" encoding="UTF-8"?>
<!-- Generated by org.testng.reporters.JUnitReportReporter -->
<<<<<<< HEAD
<testsuite hostname="parasharb-w7" name="com.provenir.automation.framework.testcases.Customer360" tests="3" failures="0" timestamp="21 Sep 2015 06:50:14 GMT" time="184.116" errors="0">
  <testcase name="test1_gotoCustomer360" time="107.940" classname="com.provenir.automation.framework.testcases.Customer360"/>
  <testcase name="test3_saveAddress" time="75.428" classname="com.provenir.automation.framework.testcases.Customer360"/>
  <testcase name="test2_verifyAddressTitle" time="0.748" classname="com.provenir.automation.framework.testcases.Customer360"/>
=======
<testsuite hostname="gulshango-w7" name="com.provenir.automation.framework.testcases.Customer360" tests="3" failures="0" timestamp="17 Sep 2015 10:27:59 GMT" time="156.078" errors="0">
  <testcase name="test1_gotoCustomer360" time="46.137" classname="com.provenir.automation.framework.testcases.Customer360"/>
  <testcase name="test3_saveAddress" time="72.591" classname="com.provenir.automation.framework.testcases.Customer360"/>
  <testcase name="test2_verifyAddressTitle" time="37.350" classname="com.provenir.automation.framework.testcases.Customer360"/>
>>>>>>> f3d93f2d33644c08c724cd42938163248aae61b8
</testsuite> <!-- com.provenir.automation.framework.testcases.Customer360 -->
