<?xml version="1.0" encoding="UTF-8"?>
<!-- Generated by org.testng.reporters.JUnitReportReporter -->
<testsuite hostname="pbajpai" name="com.provenir.automation.framework.testcases.Credit360" tests="1" failures="0" timestamp="10 Sep 2015 18:10:14 GMT" time="50.637" errors="0">
  <testcase name="test123" time="50.637" classname="com.provenir.automation.framework.testcases.Credit360"/>
</testsuite> <!-- com.provenir.automation.framework.testcases.Credit360 -->
