<?xml version="1.0" encoding="UTF-8"?>
<!-- Generated by org.testng.reporters.JUnitReportReporter -->
<testsuite hostname="parasharb-w7" name="com.provenir.automation.framework.testcases.Credit360" tests="1" failures="0" timestamp="19 Sep 2015 06:02:15 GMT" time="85.381" errors="0">
  <testcase name="test123" time="85.381" classname="com.provenir.automation.framework.testcases.Credit360"/>
</testsuite> <!-- com.provenir.automation.framework.testcases.Credit360 -->
