<?xml version="1.0" encoding="UTF-8"?>
<!-- Generated by org.testng.reporters.JUnitReportReporter -->
<testsuite hostname="parasharb-w7" name="com.provenir.automation.framework.testcases.FilteredQueues" tests="13" failures="0" timestamp="21 Dec 2015 05:11:17 GMT" time="88.937" errors="0">
  <testcase name="test6_verifyInitialDecisionStatusOfNewlyCreatedRequest" time="8.823" classname="com.provenir.automation.framework.testcases.FilteredQueues"/>
  <testcase name="test5_verifyInitialWorkflowStatusOfNewlyCreatedRequest" time="17.053" classname="com.provenir.automation.framework.testcases.FilteredQueues"/>
  <testcase name="test1_landingPage" time="36.182" classname="com.provenir.automation.framework.testcases.FilteredQueues"/>
  <testcase name="test9_verifyHeaderOnTMActAsHyperlink" time="20.117" classname="com.provenir.automation.framework.testcases.FilteredQueues"/>
  <testcase name="test13_verifyCollapseAllFunctionality" time="0.098" classname="com.provenir.automation.framework.testcases.FilteredQueues"/>
  <testcase name="test12_verifyExpandBtnAgainstEachTask" time="0.120" classname="com.provenir.automation.framework.testcases.FilteredQueues"/>
  <testcase name="test2_verifyFiltersOnMyRequestsPage" time="0.471" classname="com.provenir.automation.framework.testcases.FilteredQueues"/>
  <testcase name="test10_verifyWorkflowExpandedOrNot" time="1.820" classname="com.provenir.automation.framework.testcases.FilteredQueues"/>
  <testcase name="test11_verifyTaskListDisplayedOnExpanding" time="0.112" classname="com.provenir.automation.framework.testcases.FilteredQueues"/>
  <testcase name="test8_verifyExpandAllOnMyReqPage" time="0.100" classname="com.provenir.automation.framework.testcases.FilteredQueues"/>
  <testcase name="test3_verifyDefaultValuesOfFilters" time="0.041" classname="com.provenir.automation.framework.testcases.FilteredQueues"/>
  <testcase name="test4_verifyFiltersFunctionality" time="3.940" classname="com.provenir.automation.framework.testcases.FilteredQueues"/>
  <testcase name="test7_verifyReqCount" time="0.060" classname="com.provenir.automation.framework.testcases.FilteredQueues"/>
</testsuite> <!-- com.provenir.automation.framework.testcases.FilteredQueues -->
