<?xml version="1.0" encoding="UTF-8"?>
<!-- Generated by org.testng.reporters.JUnitReportReporter -->
<testsuite hostname="rroque" name="googlesearch.gtsetrsert" tests="1" failures="0" timestamp="14 Apr 2015 13:23:09 GMT" time="9.286" errors="0">
  <testcase name="test" time="9.286" classname="googlesearch.gtsetrsert"/>
</testsuite> <!-- googlesearch.gtsetrsert -->
