<?xml version="1.0" encoding="UTF-8"?>
<!-- Generated by org.testng.reporters.JUnitReportReporter -->
<testsuite hostname="rroque" name="google.SearchTest2" tests="2" failures="0" timestamp="21 Apr 2015 20:49:15 GMT" time="10.560" errors="0">
  <testcase name="testSearchforObama" time="4.652" classname="google.SearchTest2"/>
  <testcase name="testSearchforBush" time="5.908" classname="google.SearchTest2"/>
</testsuite> <!-- google.SearchTest2 -->
