<?xml version="1.0" encoding="UTF-8"?>
<!-- Generated by org.testng.reporters.JUnitReportReporter -->
<testsuite hostname="pbajpai" name="collateral.addCollateral" tests="3" failures="0" timestamp="15 Jul 2015 19:55:09 GMT" time="111.012" errors="0">
  <testcase name="addCollateral" time="54.546" classname="collateral.addCollateral"/>
  <testcase name="addCollateral" time="4.263" classname="collateral.addCollateral"/>
  <testcase name="addCollateral" time="52.203" classname="collateral.addCollateral"/>
</testsuite> <!-- collateral.addCollateral -->
